[21:09:37] ============================================================
[21:09:37] UPDATE DATA
[21:09:37]   window : 2021-01-01 -> LIVE (newest)
[21:09:37]   machine: EXTERNAL (raw store) (posts.parquet present)
[21:09:37]   path   : FULL rebuild over 2017-01-01 -> today
[21:09:37]   fetch  : yes
[21:09:37] ============================================================
[21:09:46] RUN  C:\Python312\python.exe api_calls/fetch_all.py --no-merge --lookback-days 7 --max-credits 60
[21:19:03] ============================================================
[21:19:03] UPDATE DATA
[21:19:03]   window : 2021-01-01 -> LIVE (newest)
[21:19:03]   machine: EXTERNAL (raw store) (posts.parquet present)
[21:19:03]   path   : FULL rebuild over 2017-01-01 -> today
[21:19:03]   fetch  : yes
[21:19:03] ============================================================
[21:19:11] RUN  C:\Python312\python.exe api_calls/fetch_all.py --no-merge --lookback-days 7 --max-credits 60
[21:19:54] ============================================================
[21:19:54] UPDATE DATA
[21:19:54]   window : 2018-01-01 -> 2019-01-01
[21:19:54]   machine: EXTERNAL (raw store) (posts.parquet present)
[21:19:54]   path   : FULL rebuild over 2017-01-01 -> today
[21:19:54]   fetch  : no (backtest or --skip-fetch)
[21:19:54] ============================================================
[21:19:58] fetch skipped
[21:19:58] merging live raw -> posts.parquet (close Jupyter first)
[21:19:58] RUN  C:\Python312\python.exe data_ingestion/scripts/merge_live.py
[21:20:48] FAIL (see the output above)
[21:20:54] --- DATA COVERAGE: posts per month | source = reddit ---
[21:20:54]   year     Jan    Feb    Mar    Apr    May    Jun    Jul    Aug    Sep    Oct    Nov    Dec
[21:20:54]   2008       .      .     31     15      1      8     18     25     35     55     66     61
[21:20:54]   2009      47     87     92     93     74     86    170    157    196     98     87    113
[21:20:54]   2010     107    103    135    241    290    180    204    203    261    236    254    306
[21:20:54]   2011     575    559    569    700   1.4k   2.8k   1.7k   1.8k   1.5k   1.7k   1.9k   2.1k
[21:20:54]   2012    3.0k   2.9k   3.1k   2.9k   3.3k   3.0k   3.3k   3.5k   3.0k   3.3k   3.3k   3.4k
[21:20:54]   2013    5.3k   5.8k  10.0k  19.3k  10.9k   7.8k   8.3k   8.7k   7.6k  12.0k  25.2k  24.9k
[21:20:54]   2014   21.9k  26.8k  26.2k  19.3k  19.4k  19.3k  20.6k  18.9k  19.4k  20.2k  20.3k  21.6k
[21:20:54]   2015   26.6k  22.3k  23.2k  22.0k  21.1k  21.8k  24.8k  23.9k  19.6k  21.1k  20.7k  20.9k
[21:20:54]   2016   27.1k  23.2k  23.5k  23.8k  23.4k  27.3k  25.5k  26.0k  23.9k  23.0k  24.7k  25.8k
[21:20:54]   2017   35.2k  32.0k  37.6k  31.2k  39.9k  42.1k  44.6k  54.4k  52.4k  59.3k  84.6k 117.0k
[21:20:54]   2018  116.0k  78.8k  67.7k  59.0k  59.4k  59.4k  60.3k  62.0k  55.9k  57.7k  49.6k  48.7k
[21:20:54]   2019   50.4k  41.4k  42.8k  44.5k  45.4k  47.0k  48.4k  48.9k  40.7k  41.3k  39.7k  37.0k
[21:20:54]   2020   49.3k  68.8k 107.2k  84.5k  84.0k  95.7k  84.2k  81.4k  70.5k  68.6k  82.9k 100.3k
[21:20:54]   2021  666.1k 586.1k 246.6k 174.4k 190.7k 196.6k 127.3k 142.7k 121.7k 127.4k 139.8k 113.6k
[21:20:54]   2022  116.6k  86.0k  80.6k  74.3k  78.0k  64.9k  59.0k  93.1k  64.5k  68.2k  69.6k  64.3k
[21:20:54]   2023   66.5k  61.2k  74.5k      1      .      .   1.5k   2.1k   1.2k   1.3k   1.3k   1.5k
[21:20:54]   2024    2.1k   3.5k   3.9k   2.8k   3.3k   2.8k   2.7k   2.9k   2.0k   2.1k   2.6k   2.3k
[21:20:54]   2025    2.4k   2.5k   2.5k   2.5k   2.1k   1.9k   2.4k   2.0k   1.8k   1.7k   1.4k   1.2k
[21:20:55] --- DATA COVERAGE: posts per month | source = x ---
[21:20:55]   year     Jan    Feb    Mar    Apr    May    Jun    Jul    Aug    Sep    Oct    Nov    Dec
[21:20:55]   2015   25.3k  21.3k  21.0k  24.3k  15.1k  13.1k  26.3k  23.7k  16.8k  22.5k  14.0k  14.5k
[21:20:55]   2016   24.2k  18.8k  17.1k  26.2k  24.1k  18.4k  19.4k  14.4k  20.8k  21.2k  13.9k  12.9k
[21:28:47] ============================================================
[21:28:47] UPDATE DATA
[21:28:47]   window : 2018-01-01 -> 2019-01-01
[21:28:47]   machine: EXTERNAL (raw store) (posts.parquet present)
[21:28:47]   path   : FULL rebuild over 2017-01-01 -> today
[21:28:47]   fetch  : no (backtest or --skip-fetch)
[21:28:47] ============================================================
[21:28:54] fetch skipped
[21:28:54] merging live raw -> posts.parquet (close Jupyter first)
[21:28:54] RUN  C:\Python312\python.exe data_ingestion/scripts/merge_live.py
[21:30:16] --- DATA COVERAGE: posts per month | source = reddit ---
[21:30:16]   year     Jan    Feb    Mar    Apr    May    Jun    Jul    Aug    Sep    Oct    Nov    Dec
[21:30:16]   2008       .      .     31     15      1      8     18     25     35     55     66     61
[21:30:16]   2009      47     87     92     93     74     86    170    157    196     98     87    113
[21:30:16]   2010     107    103    135    241    290    180    204    203    261    236    254    306
[21:30:16]   2011     575    559    569    700   1.4k   2.8k   1.7k   1.8k   1.5k   1.7k   1.9k   2.1k
[21:30:16]   2012    3.0k   2.9k   3.1k   2.9k   3.3k   3.0k   3.3k   3.5k   3.0k   3.3k   3.3k   3.4k
[21:30:16]   2013    5.3k   5.8k  10.0k  19.3k  10.9k   7.8k   8.3k   8.7k   7.6k  12.0k  25.2k  24.9k
[21:30:16]   2014   21.9k  26.8k  26.2k  19.3k  19.4k  19.3k  20.6k  18.9k  19.4k  20.2k  20.3k  21.6k
[21:30:16]   2015   26.6k  22.3k  23.2k  22.0k  21.1k  21.8k  24.8k  23.9k  19.6k  21.1k  20.7k  20.9k
[21:30:16]   2016   27.1k  23.2k  23.5k  23.8k  23.4k  27.3k  25.5k  26.0k  23.9k  23.0k  24.7k  25.8k
[21:30:16]   2017   35.2k  32.0k  37.6k  31.2k  39.9k  42.1k  44.6k  54.4k  52.4k  59.3k  84.6k 117.0k
[21:30:16]   2018  116.0k  78.8k  67.7k  59.0k  59.4k  59.4k  60.3k  62.0k  55.9k  57.7k  49.6k  48.7k
[21:30:16]   2019   50.4k  41.4k  42.8k  44.5k  45.4k  47.0k  48.4k  48.9k  40.7k  41.3k  39.7k  37.0k
[21:30:16]   2020   49.3k  68.8k 107.2k  84.5k  84.0k  95.7k  84.2k  81.4k  70.5k  68.6k  82.9k 100.3k
[21:30:16]   2021  666.1k 586.1k 246.6k 174.4k 190.7k 196.6k 127.3k 142.7k 121.7k 127.4k 139.8k 113.6k
[21:30:16]   2022  116.6k  86.0k  80.6k  74.3k  78.0k  64.9k  59.0k  93.1k  64.5k  68.2k  69.6k  64.3k
[21:30:16]   2023   66.5k  61.2k  74.5k      1      .      .   1.5k   2.1k   1.2k   1.3k   1.3k   1.5k
[21:30:16]   2024    2.1k   3.5k   3.9k   2.8k   3.3k   2.8k   2.7k   2.9k   2.0k   2.1k   2.6k   2.3k
[21:30:16]   2025    2.4k   2.5k   2.5k   2.5k   2.1k   1.9k   2.4k   2.0k   1.8k   1.7k   1.4k   1.2k
[21:30:16]   2026       .      .     28     25     24    203   1.2k      .      .      .      .      .
[21:30:17] --- DATA COVERAGE: posts per month | source = stocktwits ---
[21:30:17]   year     Jan    Feb    Mar    Apr    May    Jun    Jul    Aug    Sep    Oct    Nov    Dec
[21:30:17]   2023       .      .      .      .      .      .      .      .      .      .      .      2
[21:30:17]   2024       .      .      .      .      .      .      .      4      .      1      2      1
[21:30:17]   2025       .      1      1      1      .      2      1      6      1      .      .      .
[21:30:17]   2026       .     11     13     40    106    383   2.2k      .      .      .      .      .
[21:30:18] --- DATA COVERAGE: posts per month | source = x ---
[21:30:18]   year     Jan    Feb    Mar    Apr    May    Jun    Jul    Aug    Sep    Oct    Nov    Dec
[21:30:18]   2015   25.3k  21.3k  21.0k  24.3k  15.1k  13.1k  26.3k  23.7k  16.8k  22.5k  14.0k  14.5k
[21:30:18]   2016   24.2k  18.8k  17.1k  26.2k  24.1k  18.4k  19.4k  14.4k  20.8k  21.2k  13.9k  12.9k
[21:30:18]   2017   17.0k  18.7k  15.0k  19.7k  21.8k  25.0k  23.6k  22.2k  19.2k  22.0k  22.5k  14.3k
[21:30:18]   2018   21.7k  22.6k  25.1k  31.5k  34.5k  35.2k  43.6k  69.8k  51.8k  58.0k  41.9k  39.8k
[21:30:18]   2019   51.6k  38.9k  53.7k  56.3k  50.9k  35.2k  39.4k  29.8k  32.5k  46.7k  37.7k  42.5k
[21:30:18]   2020       .      .      . 251.4k 112.6k 351.6k 208.0k      .      .      .      .      .
[21:30:18]   2021       .      .      .      .      .      .      .      .      .      .      .     71
[21:30:18]   2022    3.0k      .      .      .   4.5k  16.0k  16.2k  17.2k  10.1k  11.0k  11.0k   9.3k
[21:30:18]   2023   10.9k  16.5k  13.1k  12.7k  10.8k   3.5k   4.4k  10.7k    760   1.5k   6.1k   7.9k
[21:30:18]   2024       .   1.7k    620   7.3k   7.1k   9.2k  11.1k   6.9k   1.4k      .      .      .
[21:30:18]   2026       .      .      .      .      .      .     19      .      .      .      .      .
[21:30:18] ('.' = NO data that month - a gap, not a quiet month)
[21:30:18] --- WINDOW CHECK: view 2018-01-01 -> 2019-01-01 | aggregates span 2021-01-01 -> 2021-12-31 ---
[21:30:18]   reddit     [NO DATA in window] this source spans 2021-01-01 -> 2021-12-31
[21:30:18]   x          [NO DATA in window] this source spans 2021-12-27 -> 2021-12-27
[21:30:18]   >>> NO source has data in this window. If the raw store covers it, run 'python update_data.py --full' (rebuilds the aggregates over BUILD_START_DATE -> today); otherwise widen the window.
[21:30:18] full chain: building aggregates over 2017-01-01 -> today (view window 2018-01-01 -> 2019-01-01 applies to the overlays)
[21:30:18] running notebook 01_clean_data (output streams below)
[21:30:18] RUN  C:\Python312\python.exe -m nbconvert --to notebook --execute C:\Users\alexd\Desktop\GIC\RetailFlow1\notebooks\01_clean_data.ipynb --output 01_clean_data.tmp.ipynb --output-dir C:\Users\alexd\Desktop\GIC\RetailFlow1\notebooks --ExecutePreprocessor.timeout=3600
[21:32:39] ok   01_clean_data
[21:32:39] running notebook 02_mentions_over_time (output streams below)
[21:32:39] RUN  C:\Python312\python.exe -m nbconvert --to notebook --execute C:\Users\alexd\Desktop\GIC\RetailFlow1\notebooks\02_mentions_over_time.ipynb --output 02_mentions_over_time.tmp.ipynb --output-dir C:\Users\alexd\Desktop\GIC\RetailFlow1\notebooks --ExecutePreprocessor.timeout=3600
[21:36:35] ok   02_mentions_over_time
[21:36:35] running notebook 06_ticker_sentiment (output streams below)
[21:36:35] RUN  C:\Python312\python.exe -m nbconvert --to notebook --execute C:\Users\alexd\Desktop\GIC\RetailFlow1\notebooks\06_ticker_sentiment.ipynb --output 06_ticker_sentiment.tmp.ipynb --output-dir C:\Users\alexd\Desktop\GIC\RetailFlow1\notebooks --ExecutePreprocessor.timeout=3600
[21:37:21] ok   06_ticker_sentiment
[21:37:21] running notebook 07_theme_sentiment (output streams below)
[21:37:21] RUN  C:\Python312\python.exe -m nbconvert --to notebook --execute C:\Users\alexd\Desktop\GIC\RetailFlow1\notebooks\07_theme_sentiment.ipynb --output 07_theme_sentiment.tmp.ipynb --output-dir C:\Users\alexd\Desktop\GIC\RetailFlow1\notebooks --ExecutePreprocessor.timeout=3600
[21:38:44] ok   07_theme_sentiment
[21:38:44] running notebook 08_ticker_conviction (output streams below)
[21:38:44] RUN  C:\Python312\python.exe -m nbconvert --to notebook --execute C:\Users\alexd\Desktop\GIC\RetailFlow1\notebooks\08_ticker_conviction.ipynb --output 08_ticker_conviction.tmp.ipynb --output-dir C:\Users\alexd\Desktop\GIC\RetailFlow1\notebooks --ExecutePreprocessor.timeout=3600
[21:39:00] ok   08_ticker_conviction
[21:39:00] running notebook 09_theme_conviction (output streams below)
[21:39:00] RUN  C:\Python312\python.exe -m nbconvert --to notebook --execute C:\Users\alexd\Desktop\GIC\RetailFlow1\notebooks\09_theme_conviction.ipynb --output 09_theme_conviction.tmp.ipynb --output-dir C:\Users\alexd\Desktop\GIC\RetailFlow1\notebooks --ExecutePreprocessor.timeout=3600
[21:39:13] ok   09_theme_conviction
[21:39:13] running notebook 10_trading_signals (output streams below)
[21:39:13] RUN  C:\Python312\python.exe -m nbconvert --to notebook --execute C:\Users\alexd\Desktop\GIC\RetailFlow1\notebooks\10_trading_signals.ipynb --output 10_trading_signals.tmp.ipynb --output-dir C:\Users\alexd\Desktop\GIC\RetailFlow1\notebooks --ExecutePreprocessor.timeout=3600
[21:40:03] ok   10_trading_signals
[21:40:03] snapshot -> C:\Users\alexd\Desktop\GIC\RetailFlow1\data\processed\signal_snapshots\2026-07-09_trade_signals.parquet
[21:40:03] snapshot -> C:\Users\alexd\Desktop\GIC\RetailFlow1\data\processed\signal_snapshots\2026-07-09_trade_signals_tickers.parquet
[21:40:03] pulling Bloomberg prices for the overlays (Terminal must be open)
[21:40:03] RUN  C:\Python312\python.exe pull_bloomberg_prices.py
[21:40:05] FAIL (see the output above)
[21:40:05] no data/prices/prices.parquet - skipped overlays 11-16. Open the Bloomberg Terminal (and pip install blpapi), then re-run.
[21:40:06] publishing aggregates -> ABSTRACTED_DATA
[21:40:06] safety check: ABSTRACTED_DATA is text-free?
[21:40:06]   daily_ticker_counts.parquet               1.62 MB | ['date', 'ticker', 'mention_count']
[21:40:06]   daily_ticker_counts_by_source.parquet     1.71 MB | ['date', 'ticker', 'mention_count', 'source']
[21:40:06]   daily_ticker_sentiment.parquet            0.17 MB | ['date', 'ticker', 'n_posts', 'avg_sentiment', 'net_bullish']
[21:40:06]   daily_theme_counts.parquet                0.03 MB | ['date', 'theme', 'keyword_count', 'keyword_weighted', 'inferred_count', 'inferred_weighted']
[21:40:06]   daily_theme_sentiment.parquet             0.12 MB | ['date', 'theme', 'n_posts', 'avg_sentiment', 'net_bullish']
[21:40:06] safety check: PASS - safe to commit
[21:40:06] 
[21:40:06] ============================================================
[21:40:06] RUN SUMMARY
[21:40:06]   window        : 2018-01-01 -> 2019-01-01
[21:40:06]   machine/path  : EXTERNAL | FULL rebuild over 2017-01-01 -> today
[21:40:07]   post store    : 10,825,500 posts total
[21:40:09]     reddit     newest 2026-07-09
[21:40:09]     stocktwits newest 2026-07-09
[21:40:09]     x          newest 2026-07-07
[21:40:09]   aggregates    : 2017-01-01 -> 2026-07-09
[21:40:09]   theme signals : 65 on file
[21:40:09]   ticker signals : 46 on file
[21:40:09]   price overlays: skipped (no prices.parquet on this machine)
[21:40:09]   safety check  : PASS
[21:40:09]   next          : git add ABSTRACTED_DATA && git commit && git push
[21:40:09] ============================================================
