[09:12:45] ============================================================
[09:12:45] UPDATE DATA
[09:12:45]   window : 2026-06-08 -> LIVE (newest)
[09:12:45]   machine: EXTERNAL (raw store) (posts.parquet present)
[09:12:45]   path   : FULL rebuild over 2017-01-01 -> today
[09:12:45]   fetch  : yes
[09:12:45] ============================================================
[09:12:58] RUN  C:\Python312\python.exe api_calls/fetch_all.py --no-merge --lookback-days 7 --max-credits 90
[10:02:14] ============================================================
[10:02:14] UPDATE DATA
[10:02:14]   window : 2026-06-08 -> LIVE (newest)
[10:02:14]   machine: EXTERNAL (raw store) (posts.parquet present)
[10:02:14]   path   : FULL rebuild over 2017-01-01 -> today
[10:02:14]   fetch  : yes
[10:02:14] ============================================================
[10:02:18] RUN  C:\Python312\python.exe api_calls/fetch_all.py --no-merge --lookback-days 7 --max-credits 90
[10:14:46] merging live raw -> posts.parquet (close Jupyter first)
[10:14:46] RUN  C:\Python312\python.exe data_ingestion/scripts/merge_live.py
[10:16:04] --- DATA COVERAGE: posts per month | source = reddit ---
[10:16:04]   year     Jan    Feb    Mar    Apr    May    Jun    Jul    Aug    Sep    Oct    Nov    Dec
[10:16:04]   2008       .      .     31     15      1      8     18     25     35     55     66     61
[10:16:04]   2009      47     87     92     93     74     86    170    157    196     98     87    113
[10:16:04]   2010     107    103    135    241    290    180    204    203    261    236    254    306
[10:16:04]   2011     575    559    569    700   1.4k   2.8k   1.7k   1.8k   1.5k   1.7k   1.9k   2.1k
[10:16:04]   2012    3.0k   2.9k   3.1k   2.9k   3.3k   3.0k   3.3k   3.5k   3.0k   3.3k   3.3k   3.4k
[10:16:04]   2013    5.3k   5.8k  10.0k  19.3k  10.9k   7.8k   8.3k   8.7k   7.6k  12.0k  25.2k  24.9k
[10:16:04]   2014   21.9k  26.8k  26.2k  19.3k  19.4k  19.3k  20.6k  18.9k  19.4k  20.2k  20.3k  21.6k
[10:16:04]   2015   26.6k  22.3k  23.2k  22.0k  21.1k  21.8k  24.8k  23.9k  19.6k  21.1k  20.7k  20.9k
[10:16:04]   2016   27.1k  23.2k  23.5k  23.8k  23.4k  27.3k  25.5k  26.0k  23.9k  23.0k  24.7k  25.8k
[10:16:04]   2017   35.2k  32.0k  37.6k  31.2k  39.9k  42.1k  44.6k  54.4k  52.4k  59.3k  84.6k 117.0k
[10:16:04]   2018  116.0k  78.8k  67.7k  59.0k  59.4k  59.4k  60.3k  62.0k  55.9k  57.7k  49.6k  48.7k
[10:16:04]   2019   50.4k  41.4k  42.8k  44.5k  45.4k  47.0k  48.4k  48.9k  40.7k  41.3k  39.7k  37.0k
[10:16:04]   2020   49.3k  68.8k 107.2k  84.5k  84.0k  95.7k  84.2k  81.4k  70.5k  68.6k  82.9k 100.3k
[10:16:04]   2021  666.1k 586.1k 246.6k 174.4k 190.7k 196.6k 127.3k 142.7k 121.7k 127.4k 139.8k 113.6k
[10:16:04]   2022  116.6k  86.0k  80.6k  74.3k  78.0k  64.9k  59.0k  93.1k  64.5k  68.2k  69.6k  64.3k
[10:16:04]   2023   66.5k  61.2k  74.5k      1      .      .   1.5k   2.1k   1.2k   1.3k   1.3k   1.5k
[10:16:04]   2024    2.1k   3.5k   3.9k   2.8k   3.3k   2.8k   2.7k   2.9k   2.0k   2.1k   2.6k   2.3k
[10:16:04]   2025    2.4k   2.5k   2.5k   2.5k   2.1k   1.9k   2.4k   2.0k   1.8k   1.7k   1.4k   1.2k
[10:16:04]   2026       .      .     28     25     24    203   2.5k      .      .      .      .      .
[10:16:05] --- DATA COVERAGE: posts per month | source = stocktwits ---
[10:16:05]   year     Jan    Feb    Mar    Apr    May    Jun    Jul    Aug    Sep    Oct    Nov    Dec
[10:16:05]   2023       .      .      .      .      .      .      .      .      .      .      .      3
[10:16:05]   2024       .      .      .      .      .      .      .      4      .      1      2      1
[10:16:05]   2025       .      1      1      1      .      2      1      6      1      .      5      5
[10:16:05]   2026       3     15     15     47    119    423   4.8k      .      .      .      .      .
[10:16:05] --- DATA COVERAGE: posts per month | source = x ---
[10:16:05]   year     Jan    Feb    Mar    Apr    May    Jun    Jul    Aug    Sep    Oct    Nov    Dec
[10:16:05]   2015   25.3k  21.3k  21.0k  24.3k  15.1k  13.1k  26.3k  23.7k  16.8k  22.5k  14.0k  14.5k
[10:16:05]   2016   24.2k  18.8k  17.1k  26.2k  24.1k  18.4k  19.4k  14.4k  20.8k  21.2k  13.9k  12.9k
[10:16:05]   2017   17.0k  18.7k  15.0k  19.7k  21.8k  25.0k  23.6k  22.2k  19.2k  22.0k  22.5k  14.3k
[10:16:05]   2018   21.7k  22.6k  25.1k  31.5k  34.5k  35.2k  43.6k  69.8k  51.8k  58.0k  41.9k  39.8k
[10:16:05]   2019   51.6k  38.9k  53.7k  56.3k  50.9k  35.2k  39.4k  29.8k  32.5k  46.7k  37.7k  42.5k
[10:16:05]   2020       .      .      . 251.4k 112.6k 351.6k 208.0k      .      .      .      .      .
[10:16:05]   2021       .      .      .      .      .      .      .      .      .      .      .     71
[10:16:05]   2022    3.0k      .      .      .   4.5k  16.0k  16.2k  17.2k  10.1k  11.0k  11.0k   9.3k
[10:16:05]   2023   10.9k  16.5k  13.1k  12.7k  10.8k   3.5k   4.4k  10.7k    760   1.5k   6.1k   7.9k
[10:16:05]   2024       .   1.7k    620   7.3k   7.1k   9.2k  11.1k   6.9k   1.4k      .      .      .
[10:16:05]   2026       .      .      .      1      .      1   2.2k      .      .      .      .      .
[10:16:05] ('.' = NO data that month - a gap, not a quiet month)
[10:16:06] --- WINDOW CHECK: view 2026-06-08 -> 2026-07-15 | aggregates span 2017-01-01 -> 2026-07-15 ---
[10:16:06]   reddit     [OK] 1,039 mentions over 27 days (~73% of the window)
[10:16:06]   stocktwits [OK] 10,657 mentions over 38 days (~100% of the window)
[10:16:06]   x          [OK] 3,591 mentions over 10 days (~27% of the window)
[10:16:06] full chain: building aggregates over 2017-01-01 -> today (view window 2026-06-08 -> LIVE (newest) applies to the overlays)
[10:16:06] running notebook 01_clean_data (output streams below)
[10:16:06] RUN  C:\Python312\python.exe -m nbconvert --to notebook --execute C:\Users\alexd\Desktop\GIC\RetailFlow1\notebooks\01_clean_data.ipynb --output 01_clean_data.tmp.ipynb --output-dir C:\Users\alexd\Desktop\GIC\RetailFlow1\notebooks --ExecutePreprocessor.timeout=3600
[10:18:15] ok   01_clean_data
[10:18:15] building all aggregates over 2017-01-01 -> today (one parallel pass; cached sentiment)
[10:18:15] RUN  C:\Python312\python.exe data_ingestion/scripts/build_aggregates.py --start 2017-01-01
[10:25:07] building rolling term counts (emerging-term detection)
[10:25:07] RUN  C:\Python312\python.exe data_ingestion/scripts/build_term_counts.py
[10:26:11] running notebook 08_ticker_conviction (output streams below)
[10:26:11] RUN  C:\Python312\python.exe -m nbconvert --to notebook --execute C:\Users\alexd\Desktop\GIC\RetailFlow1\notebooks\08_ticker_conviction.ipynb --output 08_ticker_conviction.tmp.ipynb --output-dir C:\Users\alexd\Desktop\GIC\RetailFlow1\notebooks --ExecutePreprocessor.timeout=3600
[10:26:44] ok   08_ticker_conviction
[10:26:44] running notebook 09_theme_conviction (output streams below)
[10:26:44] RUN  C:\Python312\python.exe -m nbconvert --to notebook --execute C:\Users\alexd\Desktop\GIC\RetailFlow1\notebooks\09_theme_conviction.ipynb --output 09_theme_conviction.tmp.ipynb --output-dir C:\Users\alexd\Desktop\GIC\RetailFlow1\notebooks --ExecutePreprocessor.timeout=3600
[10:26:57] ok   09_theme_conviction
[10:26:57] running notebook 10_trading_signals (output streams below)
[10:26:57] RUN  C:\Python312\python.exe -m nbconvert --to notebook --execute C:\Users\alexd\Desktop\GIC\RetailFlow1\notebooks\10_trading_signals.ipynb --output 10_trading_signals.tmp.ipynb --output-dir C:\Users\alexd\Desktop\GIC\RetailFlow1\notebooks --ExecutePreprocessor.timeout=3600
[10:27:46] ok   10_trading_signals
[10:27:46] scanning for emerging terms (nothing the themes cover yet)
[10:27:46] RUN  C:\Python312\python.exe helper/find_emerging_terms.py --top 15 --promote
[10:35:34] snapshot -> C:\Users\alexd\Desktop\GIC\RetailFlow1\data\processed\signal_snapshots\2026-07-16_trade_signals.parquet
[10:35:34] snapshot -> C:\Users\alexd\Desktop\GIC\RetailFlow1\data\processed\signal_snapshots\2026-07-16_trade_signals_tickers.parquet
[10:35:34] pulling Bloomberg prices for the overlays (Terminal must be open)
[10:35:34] RUN  C:\Python312\python.exe pull_bloomberg_prices.py
[10:35:43] running notebook 11_overlay_ticker_mentions (output streams below)
[10:35:43] RUN  C:\Python312\python.exe -m nbconvert --to notebook --execute C:\Users\alexd\Desktop\GIC\RetailFlow1\notebooks\11_overlay_ticker_mentions.ipynb --output 11_overlay_ticker_mentions.tmp.ipynb --output-dir C:\Users\alexd\Desktop\GIC\RetailFlow1\notebooks --ExecutePreprocessor.timeout=1800
[10:35:54] ok   11_overlay_ticker_mentions
[10:35:54] running notebook 12_overlay_ticker_first_derivative (output streams below)
[10:35:54] RUN  C:\Python312\python.exe -m nbconvert --to notebook --execute C:\Users\alexd\Desktop\GIC\RetailFlow1\notebooks\12_overlay_ticker_first_derivative.ipynb --output 12_overlay_ticker_first_derivative.tmp.ipynb --output-dir C:\Users\alexd\Desktop\GIC\RetailFlow1\notebooks --ExecutePreprocessor.timeout=1800
[10:36:07] ok   12_overlay_ticker_first_derivative
[10:36:07] running notebook 13_overlay_theme_first_derivative (output streams below)
[10:36:07] RUN  C:\Python312\python.exe -m nbconvert --to notebook --execute C:\Users\alexd\Desktop\GIC\RetailFlow1\notebooks\13_overlay_theme_first_derivative.ipynb --output 13_overlay_theme_first_derivative.tmp.ipynb --output-dir C:\Users\alexd\Desktop\GIC\RetailFlow1\notebooks --ExecutePreprocessor.timeout=1800
[10:36:18] ok   13_overlay_theme_first_derivative
[10:36:18] running notebook 14_overlay_theme_conviction (output streams below)
[10:36:18] RUN  C:\Python312\python.exe -m nbconvert --to notebook --execute C:\Users\alexd\Desktop\GIC\RetailFlow1\notebooks\14_overlay_theme_conviction.ipynb --output 14_overlay_theme_conviction.tmp.ipynb --output-dir C:\Users\alexd\Desktop\GIC\RetailFlow1\notebooks --ExecutePreprocessor.timeout=1800
[10:36:29] ok   14_overlay_theme_conviction
[10:36:29] running notebook 15_overlay_trading_signals (output streams below)
[10:36:29] RUN  C:\Python312\python.exe -m nbconvert --to notebook --execute C:\Users\alexd\Desktop\GIC\RetailFlow1\notebooks\15_overlay_trading_signals.ipynb --output 15_overlay_trading_signals.tmp.ipynb --output-dir C:\Users\alexd\Desktop\GIC\RetailFlow1\notebooks --ExecutePreprocessor.timeout=1800
[10:36:39] ok   15_overlay_trading_signals
[10:36:39] running notebook 16_overlay_theme_trading_signals (output streams below)
[10:36:39] RUN  C:\Python312\python.exe -m nbconvert --to notebook --execute C:\Users\alexd\Desktop\GIC\RetailFlow1\notebooks\16_overlay_theme_trading_signals.ipynb --output 16_overlay_theme_trading_signals.tmp.ipynb --output-dir C:\Users\alexd\Desktop\GIC\RetailFlow1\notebooks --ExecutePreprocessor.timeout=1800
[10:36:51] ok   16_overlay_theme_trading_signals
[10:36:51] publishing aggregates -> ABSTRACTED_DATA
[10:36:51] safety check: ABSTRACTED_DATA is text-free?
[10:36:52]   daily_ticker_counts.parquet               1.63 MB | ['date', 'ticker', 'mention_count']
[10:36:52]   daily_ticker_counts_by_source.parquet     1.82 MB | ['date', 'ticker', 'source', 'mention_count']
[10:36:52]   daily_ticker_sentiment.parquet            5.18 MB | ['date', 'ticker', 'n_posts', 'avg_sentiment', 'net_bullish']
[10:36:52]   daily_theme_counts.parquet                0.19 MB | ['date', 'theme', 'mention_count']
[10:36:52]   daily_theme_sentiment.parquet             1.17 MB | ['date', 'theme', 'n_posts', 'avg_sentiment', 'net_bullish']
[10:36:52]   daily_term_counts.parquet                 0.13 MB | ['date', 'term', 'mention_count']
[10:36:52] safety check: PASS - safe to commit
[10:36:52] 
[10:36:52] ============================================================
[10:36:52] RUN SUMMARY
[10:36:52]   window        : 2026-06-08 -> LIVE (newest)
[10:36:52]   machine/path  : EXTERNAL | FULL rebuild over 2017-01-01 -> today
[10:36:53]   post store    : 10,831,561 posts total
[10:36:54]     reddit     newest 2026-07-16
[10:36:54]     stocktwits newest 2026-07-16
[10:36:54]     x          newest 2026-07-16
[10:36:54]   aggregates    : 2017-01-01 -> 2026-07-16
[10:36:54]   theme signals : 414 on file
[10:36:54]   ticker signals : 347 on file
[10:36:54]   price overlays: rendered (11-16)
[10:36:54]   safety check  : PASS
[10:36:54] ============================================================
[10:39:15] ============================================================
[10:39:15] UPDATE DATA
[10:39:15]   window : 2026-06-08 -> LIVE (newest)
[10:39:15]   machine: EXTERNAL (raw store) (posts.parquet present)
[10:39:15]   path   : LIVE fast (incremental aggregates + 08/09/10)
[10:39:15]   fetch  : yes
[10:39:15] ============================================================
[10:39:19] RUN  C:\Python312\python.exe api_calls/fetch_all.py --no-merge --lookback-days 7 --max-credits 90
[10:50:43] merging live raw -> posts.parquet (close Jupyter first)
[10:50:43] RUN  C:\Python312\python.exe data_ingestion/scripts/merge_live.py
[10:51:54] live fast path: refreshing the aggregate tail from posts.parquet
[10:51:54] RUN  C:\Python312\python.exe data_ingestion/scripts/refresh_recent_aggregates.py
[10:52:38] --- DATA COVERAGE: posts per month | source = reddit ---
[10:52:38]   year     Jan    Feb    Mar    Apr    May    Jun    Jul    Aug    Sep    Oct    Nov    Dec
[10:52:38]   2008       .      .     31     15      1      8     18     25     35     55     66     61
[10:52:38]   2009      47     87     92     93     74     86    170    157    196     98     87    113
[10:52:38]   2010     107    103    135    241    290    180    204    203    261    236    254    306
[10:52:38]   2011     575    559    569    700   1.4k   2.8k   1.7k   1.8k   1.5k   1.7k   1.9k   2.1k
[10:52:38]   2012    3.0k   2.9k   3.1k   2.9k   3.3k   3.0k   3.3k   3.5k   3.0k   3.3k   3.3k   3.4k
[10:52:38]   2013    5.3k   5.8k  10.0k  19.3k  10.9k   7.8k   8.3k   8.7k   7.6k  12.0k  25.2k  24.9k
[10:52:38]   2014   21.9k  26.8k  26.2k  19.3k  19.4k  19.3k  20.6k  18.9k  19.4k  20.2k  20.3k  21.6k
[10:52:38]   2015   26.6k  22.3k  23.2k  22.0k  21.1k  21.8k  24.8k  23.9k  19.6k  21.1k  20.7k  20.9k
[10:52:38]   2016   27.1k  23.2k  23.5k  23.8k  23.4k  27.3k  25.5k  26.0k  23.9k  23.0k  24.7k  25.8k
[10:52:38]   2017   35.2k  32.0k  37.6k  31.2k  39.9k  42.1k  44.6k  54.4k  52.4k  59.3k  84.6k 117.0k
[10:52:38]   2018  116.0k  78.8k  67.7k  59.0k  59.4k  59.4k  60.3k  62.0k  55.9k  57.7k  49.6k  48.7k
[10:52:38]   2019   50.4k  41.4k  42.8k  44.5k  45.4k  47.0k  48.4k  48.9k  40.7k  41.3k  39.7k  37.0k
[10:52:38]   2020   49.3k  68.8k 107.2k  84.5k  84.0k  95.7k  84.2k  81.4k  70.5k  68.6k  82.9k 100.3k
[10:52:38]   2021  666.1k 586.1k 246.6k 174.4k 190.7k 196.6k 127.3k 142.7k 121.7k 127.4k 139.8k 113.6k
[10:52:38]   2022  116.6k  86.0k  80.6k  74.3k  78.0k  64.9k  59.0k  93.1k  64.5k  68.2k  69.6k  64.3k
[10:52:38]   2023   66.5k  61.2k  74.5k      1      .      .   1.5k   2.1k   1.2k   1.3k   1.3k   1.5k
[10:52:38]   2024    2.1k   3.5k   3.9k   2.8k   3.3k   2.8k   2.7k   2.9k   2.0k   2.1k   2.6k   2.3k
[10:52:38]   2025    2.4k   2.5k   2.5k   2.5k   2.1k   1.9k   2.4k   2.0k   1.8k   1.7k   1.4k   1.2k
[10:52:38]   2026       .      .     28     25     24    203   2.6k      .      .      .      .      .
[10:52:39] --- DATA COVERAGE: posts per month | source = stocktwits ---
[10:52:39]   year     Jan    Feb    Mar    Apr    May    Jun    Jul    Aug    Sep    Oct    Nov    Dec
[10:52:39]   2023       .      .      .      .      .      .      .      .      .      .      .      3
[10:52:39]   2024       .      .      .      .      .      .      .      4      .      1      2      1
[10:52:39]   2025       .      1      1      1      .      2      1      6      1      .      5      5
[10:52:39]   2026       3     15     15     47    119    423   4.8k      .      .      .      .      .
[10:52:39] --- DATA COVERAGE: posts per month | source = x ---
[10:52:39]   year     Jan    Feb    Mar    Apr    May    Jun    Jul    Aug    Sep    Oct    Nov    Dec
[10:52:39]   2015   25.3k  21.3k  21.0k  24.3k  15.1k  13.1k  26.3k  23.7k  16.8k  22.5k  14.0k  14.5k
[10:52:39]   2016   24.2k  18.8k  17.1k  26.2k  24.1k  18.4k  19.4k  14.4k  20.8k  21.2k  13.9k  12.9k
[10:52:39]   2017   17.0k  18.7k  15.0k  19.7k  21.8k  25.0k  23.6k  22.2k  19.2k  22.0k  22.5k  14.3k
[10:52:39]   2018   21.7k  22.6k  25.1k  31.5k  34.5k  35.2k  43.6k  69.8k  51.8k  58.0k  41.9k  39.8k
[10:52:39]   2019   51.6k  38.9k  53.7k  56.3k  50.9k  35.2k  39.4k  29.8k  32.5k  46.7k  37.7k  42.5k
[10:52:39]   2020       .      .      . 251.4k 112.6k 351.6k 208.0k      .      .      .      .      .
[10:52:39]   2021       .      .      .      .      .      .      .      .      .      .      .     71
[10:52:39]   2022    3.0k      .      .      .   4.5k  16.0k  16.2k  17.2k  10.1k  11.0k  11.0k   9.3k
[10:52:39]   2023   10.9k  16.5k  13.1k  12.7k  10.8k   3.5k   4.4k  10.7k    760   1.5k   6.1k   7.9k
[10:52:39]   2024       .   1.7k    620   7.3k   7.1k   9.2k  11.1k   6.9k   1.4k      .      .      .
[10:52:39]   2025       .      .      .      .      1      .      .      .      1      .      .      .
[10:52:39]   2026       .      .      .      1      .      2   2.5k      .      .      .      .      .
[10:52:39] ('.' = NO data that month - a gap, not a quiet month)
[10:52:40] --- WINDOW CHECK: view 2026-06-08 -> 2026-07-16 | aggregates span 2017-01-01 -> 2026-07-16 ---
[10:52:40]   reddit     [OK] 1,346 mentions over 28 days (~74% of the window)
[10:52:40]   stocktwits [OK] 12,431 mentions over 39 days (~100% of the window)
[10:52:40]   x          [OK] 4,930 mentions over 11 days (~29% of the window)
[10:52:40] live: refreshing signal notebooks 08/09/10 off the aggregates
[10:52:40] running notebook 08_ticker_conviction (output streams below)
[10:52:40] RUN  C:\Python312\python.exe -m nbconvert --to notebook --execute C:\Users\alexd\Desktop\GIC\RetailFlow1\notebooks\08_ticker_conviction.ipynb --output 08_ticker_conviction.tmp.ipynb --output-dir C:\Users\alexd\Desktop\GIC\RetailFlow1\notebooks --ExecutePreprocessor.timeout=3600
[10:53:10] ok   08_ticker_conviction
[10:53:10] running notebook 09_theme_conviction (output streams below)
[10:53:10] RUN  C:\Python312\python.exe -m nbconvert --to notebook --execute C:\Users\alexd\Desktop\GIC\RetailFlow1\notebooks\09_theme_conviction.ipynb --output 09_theme_conviction.tmp.ipynb --output-dir C:\Users\alexd\Desktop\GIC\RetailFlow1\notebooks --ExecutePreprocessor.timeout=3600
[10:53:23] ok   09_theme_conviction
[10:53:23] running notebook 10_trading_signals (output streams below)
[10:53:23] RUN  C:\Python312\python.exe -m nbconvert --to notebook --execute C:\Users\alexd\Desktop\GIC\RetailFlow1\notebooks\10_trading_signals.ipynb --output 10_trading_signals.tmp.ipynb --output-dir C:\Users\alexd\Desktop\GIC\RetailFlow1\notebooks --ExecutePreprocessor.timeout=3600
[10:54:12] ok   10_trading_signals
[10:54:12] scanning for emerging terms (nothing the themes cover yet)
[10:54:12] RUN  C:\Python312\python.exe helper/find_emerging_terms.py --top 15 --promote
[10:55:10] snapshot -> C:\Users\alexd\Desktop\GIC\RetailFlow1\data\processed\signal_snapshots\2026-07-16_trade_signals.parquet
[10:55:10] snapshot -> C:\Users\alexd\Desktop\GIC\RetailFlow1\data\processed\signal_snapshots\2026-07-16_trade_signals_tickers.parquet
[10:55:10] pulling Bloomberg prices for the overlays (Terminal must be open)
[10:55:10] RUN  C:\Python312\python.exe pull_bloomberg_prices.py
[10:55:18] running notebook 11_overlay_ticker_mentions (output streams below)
[10:55:18] RUN  C:\Python312\python.exe -m nbconvert --to notebook --execute C:\Users\alexd\Desktop\GIC\RetailFlow1\notebooks\11_overlay_ticker_mentions.ipynb --output 11_overlay_ticker_mentions.tmp.ipynb --output-dir C:\Users\alexd\Desktop\GIC\RetailFlow1\notebooks --ExecutePreprocessor.timeout=1800
[10:55:28] ok   11_overlay_ticker_mentions
[10:55:28] running notebook 12_overlay_ticker_first_derivative (output streams below)
[10:55:28] RUN  C:\Python312\python.exe -m nbconvert --to notebook --execute C:\Users\alexd\Desktop\GIC\RetailFlow1\notebooks\12_overlay_ticker_first_derivative.ipynb --output 12_overlay_ticker_first_derivative.tmp.ipynb --output-dir C:\Users\alexd\Desktop\GIC\RetailFlow1\notebooks --ExecutePreprocessor.timeout=1800
[10:55:39] ok   12_overlay_ticker_first_derivative
[10:55:39] running notebook 13_overlay_theme_first_derivative (output streams below)
[10:55:39] RUN  C:\Python312\python.exe -m nbconvert --to notebook --execute C:\Users\alexd\Desktop\GIC\RetailFlow1\notebooks\13_overlay_theme_first_derivative.ipynb --output 13_overlay_theme_first_derivative.tmp.ipynb --output-dir C:\Users\alexd\Desktop\GIC\RetailFlow1\notebooks --ExecutePreprocessor.timeout=1800
[10:55:50] ok   13_overlay_theme_first_derivative
[10:55:50] running notebook 14_overlay_theme_conviction (output streams below)
[10:55:50] RUN  C:\Python312\python.exe -m nbconvert --to notebook --execute C:\Users\alexd\Desktop\GIC\RetailFlow1\notebooks\14_overlay_theme_conviction.ipynb --output 14_overlay_theme_conviction.tmp.ipynb --output-dir C:\Users\alexd\Desktop\GIC\RetailFlow1\notebooks --ExecutePreprocessor.timeout=1800
[10:56:01] ok   14_overlay_theme_conviction
[10:56:01] running notebook 15_overlay_trading_signals (output streams below)
[10:56:01] RUN  C:\Python312\python.exe -m nbconvert --to notebook --execute C:\Users\alexd\Desktop\GIC\RetailFlow1\notebooks\15_overlay_trading_signals.ipynb --output 15_overlay_trading_signals.tmp.ipynb --output-dir C:\Users\alexd\Desktop\GIC\RetailFlow1\notebooks --ExecutePreprocessor.timeout=1800
[10:56:11] ok   15_overlay_trading_signals
[10:56:11] running notebook 16_overlay_theme_trading_signals (output streams below)
[10:56:11] RUN  C:\Python312\python.exe -m nbconvert --to notebook --execute C:\Users\alexd\Desktop\GIC\RetailFlow1\notebooks\16_overlay_theme_trading_signals.ipynb --output 16_overlay_theme_trading_signals.tmp.ipynb --output-dir C:\Users\alexd\Desktop\GIC\RetailFlow1\notebooks --ExecutePreprocessor.timeout=1800
[10:56:25] ok   16_overlay_theme_trading_signals
[10:56:25] publishing aggregates -> ABSTRACTED_DATA
[10:56:25] safety check: ABSTRACTED_DATA is text-free?
[10:56:25]   daily_ticker_counts.parquet               1.64 MB | ['date', 'ticker', 'mention_count']
[10:56:25]   daily_ticker_counts_by_source.parquet     1.82 MB | ['date', 'ticker', 'source', 'mention_count']
[10:56:25]   daily_ticker_sentiment.parquet            5.18 MB | ['date', 'ticker', 'n_posts', 'avg_sentiment', 'net_bullish']
[10:56:25]   daily_theme_counts.parquet                0.19 MB | ['date', 'theme', 'mention_count']
[10:56:25]   daily_theme_sentiment.parquet             1.17 MB | ['date', 'theme', 'n_posts', 'avg_sentiment', 'net_bullish']
[10:56:25]   daily_term_counts.parquet                 0.13 MB | ['date', 'term', 'mention_count']
[10:56:25] safety check: PASS - safe to commit
[10:56:25] 
[10:56:25] ============================================================
[10:56:25] RUN SUMMARY
[10:56:25]   window        : 2026-06-08 -> LIVE (newest)
[10:56:25]   machine/path  : EXTERNAL | LIVE fast (incremental aggregates + 08/09/10)
[10:56:26]   post store    : 10,831,959 posts total
[10:56:27]     reddit     newest 2026-07-16
[10:56:27]     stocktwits newest 2026-07-16
[10:56:28]     x          newest 2026-07-16
[10:56:28]   aggregates    : 2017-01-01 -> 2026-07-16
[10:56:28]   theme signals : 414 on file
[10:56:28]   ticker signals : 346 on file
[10:56:28]   price overlays: rendered (11-16)
[10:56:28]   safety check  : PASS
[10:56:28] ============================================================
