[14:10:53] === daily run started ===
[14:10:53] RUN  C:\Python312\python.exe data_ingestion/scripts/fetch_stocktwits.py
[14:11:51] RUN  C:\Python312\python.exe data_ingestion/scripts/fetch_x_live.py
[14:11:52] RUN  C:\Python312\python.exe C:\Users\alexd\Desktop\GIC\RetailFlow1\data_ingestion\scripts\fetch_reddit_live.py
[14:11:52] === fetch-only run finished (no merge/compute/snapshot) - run check_live_ingestion.py to see what landed ===
[15:24:56] === daily run started ===
[15:24:56] RUN  C:\Python312\python.exe api_calls/fetch_all.py --no-merge
[15:24:56] merging live raw -> posts.parquet (close Jupyter first!)
[15:24:56] RUN  C:\Python312\python.exe data_ingestion/scripts/merge_live.py
[15:24:56] notebook window: START_DATE=2022-06-01  END_DATE=open (extends to newest)
[15:24:56] RUN  C:\Python312\python.exe -m jupyter nbconvert --to notebook --execute --inplace notebooks/01_clean_data.ipynb --ExecutePreprocessor.timeout=3600
[15:24:56] ok   01_clean_data
[15:24:56] RUN  C:\Python312\python.exe -m jupyter nbconvert --to notebook --execute --inplace notebooks/02_mentions_over_time.ipynb --ExecutePreprocessor.timeout=3600
[15:24:56] ok   02_mentions_over_time
[15:24:56] RUN  C:\Python312\python.exe -m jupyter nbconvert --to notebook --execute --inplace notebooks/06_ticker_sentiment.ipynb --ExecutePreprocessor.timeout=3600
[15:24:56] ok   06_ticker_sentiment
[15:24:56] RUN  C:\Python312\python.exe -m jupyter nbconvert --to notebook --execute --inplace notebooks/07_theme_sentiment.ipynb --ExecutePreprocessor.timeout=3600
[15:24:56] ok   07_theme_sentiment
[15:24:56] RUN  C:\Python312\python.exe -m jupyter nbconvert --to notebook --execute --inplace notebooks/10_trading_signals.ipynb --ExecutePreprocessor.timeout=3600
[15:24:56] ok   10_trading_signals
[15:24:56] snapshot -> C:\Users\alexd\Desktop\GIC\RetailFlow1\data\processed\signal_snapshots\2026-07-07_trade_signals.parquet
[15:24:56] snapshot -> C:\Users\alexd\Desktop\GIC\RetailFlow1\data\processed\signal_snapshots\2026-07-07_trade_signals_tickers.parquet
[15:24:56] === daily run finished - open the dashboard ===
