[17:19:27] ============================================================
[17:19:27] UPDATE DATA
[17:19:27]   window : 2018-01-08 -> 2023-02-28
[17:19:27]   machine: EXTERNAL (raw store) (posts.parquet present)
[17:19:27]   path   : BACKTEST view (re-render overlays only)
[17:19:27]   fetch  : no (backtest or --skip-fetch)
[17:19:27] ============================================================
[17:19:38] fetch skipped
[17:19:38] merging live raw -> posts.parquet (close Jupyter first)
[17:19:38] RUN  C:\Python312\python.exe data_ingestion/scripts/merge_live.py
[17:20:16] --- DATA COVERAGE: posts per month | source = reddit ---
[17:20:16]   year     Jan    Feb    Mar    Apr    May    Jun    Jul    Aug    Sep    Oct    Nov    Dec
[17:20:17]   2008       .      .     31     15      1      8     18     25     35     55     66     61
[17:20:17]   2009      47     87     92     93     74     86    170    157    196     98     87    113
[17:20:17]   2010     107    103    135    241    290    180    204    203    261    236    254    306
[17:20:17]   2011     575    559    569    700   1.4k   2.8k   1.7k   1.8k   1.5k   1.7k   1.9k   2.1k
[17:20:17]   2012    3.0k   2.9k   3.1k   2.9k   3.3k   3.0k   3.3k   3.5k   3.0k   3.3k   3.3k   3.4k
[17:20:17]   2013    5.3k   5.8k  10.0k  19.3k  10.9k   7.8k   8.3k   8.7k   7.6k  12.0k  25.2k  24.9k
[17:20:17]   2014   21.9k  26.8k  26.2k  19.3k  19.4k  19.3k  20.6k  18.9k  19.4k  20.2k  20.3k  21.6k
[17:20:17]   2015   26.6k  22.3k  23.2k  22.0k  21.1k  21.8k  24.8k  23.9k  19.6k  21.1k  20.7k  20.9k
[17:20:17]   2016   27.1k  23.2k  23.5k  23.8k  23.4k  27.3k  25.5k  26.0k  23.9k  23.0k  24.7k  25.8k
[17:20:17]   2017   35.2k  32.0k  37.6k  31.2k  39.9k  42.1k  44.6k  54.4k  52.4k  59.3k  84.6k 117.0k
[17:20:17]   2018  116.0k  78.8k  67.7k  59.0k  59.4k  59.4k  60.3k  62.0k  55.9k  57.7k  49.6k  48.7k
[17:20:17]   2019   50.4k  41.4k  42.8k  44.5k  45.4k  47.0k  48.4k  48.9k  40.7k  41.3k  39.7k  37.0k
[17:20:17]   2020   49.3k  68.8k 107.2k  84.5k  84.0k  95.7k  84.2k  81.4k  70.5k  68.6k  82.9k 100.3k
[17:20:17]   2021  666.1k 586.1k 246.6k 174.4k 190.7k 196.6k 127.3k 142.7k 121.7k 127.4k 139.8k 113.6k
[17:20:17]   2022  116.6k  86.0k  80.6k  74.3k  78.0k  64.9k  59.0k  93.1k  64.5k  68.2k  69.6k  64.3k
[17:20:17]   2023   66.5k  61.2k  74.5k      1      .      .   1.5k   2.1k   1.2k   1.3k   1.3k   1.5k
[17:20:17]   2024    2.1k   3.5k   3.9k   2.8k   3.3k   2.8k   2.7k   2.9k   2.0k   2.1k   2.6k   2.3k
[17:20:17]   2025    2.4k   2.5k   2.5k   2.5k   2.1k   1.9k   2.4k   2.0k   1.8k   1.7k   1.4k   1.2k
[17:20:17]   2026       .      .     28     25     24    203   2.1k      .      .      .      .      .
[17:20:17] --- DATA COVERAGE: posts per month | source = stocktwits ---
[17:20:17]   year     Jan    Feb    Mar    Apr    May    Jun    Jul    Aug    Sep    Oct    Nov    Dec
[17:20:17]   2023       .      .      .      .      .      .      .      .      .      .      .      3
[17:20:17]   2024       .      .      .      .      .      .      .      4      .      1      2      1
[17:20:17]   2025       .      1      1      1      .      2      1      6      1      .      .      .
[17:20:17]   2026       .     11     13     40    106    383   3.5k      .      .      .      .      .
[17:20:18] --- DATA COVERAGE: posts per month | source = x ---
[17:20:18]   year     Jan    Feb    Mar    Apr    May    Jun    Jul    Aug    Sep    Oct    Nov    Dec
[17:20:18]   2015   25.3k  21.3k  21.0k  24.3k  15.1k  13.1k  26.3k  23.7k  16.8k  22.5k  14.0k  14.5k
[17:20:18]   2016   24.2k  18.8k  17.1k  26.2k  24.1k  18.4k  19.4k  14.4k  20.8k  21.2k  13.9k  12.9k
[17:20:18]   2017   17.0k  18.7k  15.0k  19.7k  21.8k  25.0k  23.6k  22.2k  19.2k  22.0k  22.5k  14.3k
[17:20:18]   2018   21.7k  22.6k  25.1k  31.5k  34.5k  35.2k  43.6k  69.8k  51.8k  58.0k  41.9k  39.8k
[17:20:18]   2019   51.6k  38.9k  53.7k  56.3k  50.9k  35.2k  39.4k  29.8k  32.5k  46.7k  37.7k  42.5k
[17:20:18]   2020       .      .      . 251.4k 112.6k 351.6k 208.0k      .      .      .      .      .
[17:20:18]   2021       .      .      .      .      .      .      .      .      .      .      .     71
[17:20:18]   2022    3.0k      .      .      .   4.5k  16.0k  16.2k  17.2k  10.1k  11.0k  11.0k   9.3k
[17:20:18]   2023   10.9k  16.5k  13.1k  12.7k  10.8k   3.5k   4.4k  10.7k    760   1.5k   6.1k   7.9k
[17:20:18]   2024       .   1.7k    620   7.3k   7.1k   9.2k  11.1k   6.9k   1.4k      .      .      .
[17:20:18]   2026       .      .      .      1      .      1   1.3k      .      .      .      .      .
[17:20:18] ('.' = NO data that month - a gap, not a quiet month)
[17:20:18] --- WINDOW CHECK: view 2018-01-08 -> 2023-02-28 | aggregates span 2017-01-01 -> 2026-07-14 ---
[17:20:18]   reddit     [OK] 650,737 mentions over 1878 days (~100% of the window)
[17:20:18]   stocktwits [NO DATA in window] this source spans 2023-12-03 -> 2026-07-14
[17:20:18]   x          [OK] 4,122,798 mentions over 1068 days (~57% of the window)
[17:20:18] backtest: aggregates + signals are up to date - only re-rendering the overlays for 2018-01-08 -> 2023-02-28
[17:20:18] snapshot -> c:\Users\alexd\Desktop\GIC\RetailFlow1\data\processed\signal_snapshots\2026-07-15_trade_signals.parquet
[17:20:18] snapshot -> c:\Users\alexd\Desktop\GIC\RetailFlow1\data\processed\signal_snapshots\2026-07-15_trade_signals_tickers.parquet
[17:20:18] pulling Bloomberg prices for the overlays (Terminal must be open)
[17:20:18] RUN  C:\Python312\python.exe pull_bloomberg_prices.py
[17:20:39] running notebook 11_overlay_ticker_mentions (output streams below)
[17:20:39] RUN  C:\Python312\python.exe -m nbconvert --to notebook --execute c:\Users\alexd\Desktop\GIC\RetailFlow1\notebooks\11_overlay_ticker_mentions.ipynb --output 11_overlay_ticker_mentions.tmp.ipynb --output-dir c:\Users\alexd\Desktop\GIC\RetailFlow1\notebooks --ExecutePreprocessor.timeout=1800
[17:20:52] ok   11_overlay_ticker_mentions
[17:20:52] running notebook 12_overlay_ticker_first_derivative (output streams below)
[17:20:52] RUN  C:\Python312\python.exe -m nbconvert --to notebook --execute c:\Users\alexd\Desktop\GIC\RetailFlow1\notebooks\12_overlay_ticker_first_derivative.ipynb --output 12_overlay_ticker_first_derivative.tmp.ipynb --output-dir c:\Users\alexd\Desktop\GIC\RetailFlow1\notebooks --ExecutePreprocessor.timeout=1800
[17:20:59] ============================================================
[17:20:59] UPDATE DATA
[17:20:59]   window : 2020-01-08 -> 2025-02-28
[17:20:59]   machine: EXTERNAL (raw store) (posts.parquet present)
[17:20:59]   path   : BACKTEST view (re-render overlays only)
[17:20:59]   fetch  : no (backtest or --skip-fetch)
[17:20:59] ============================================================
[17:21:02] fetch skipped
[17:21:02] merging live raw -> posts.parquet (close Jupyter first)
[17:21:02] RUN  C:\Python312\python.exe data_ingestion/scripts/merge_live.py
[17:21:39] --- DATA COVERAGE: posts per month | source = reddit ---
[17:21:39]   year     Jan    Feb    Mar    Apr    May    Jun    Jul    Aug    Sep    Oct    Nov    Dec
[17:21:39]   2008       .      .     31     15      1      8     18     25     35     55     66     61
[17:21:39]   2009      47     87     92     93     74     86    170    157    196     98     87    113
[17:21:39]   2010     107    103    135    241    290    180    204    203    261    236    254    306
[17:21:39]   2011     575    559    569    700   1.4k   2.8k   1.7k   1.8k   1.5k   1.7k   1.9k   2.1k
[17:21:39]   2012    3.0k   2.9k   3.1k   2.9k   3.3k   3.0k   3.3k   3.5k   3.0k   3.3k   3.3k   3.4k
[17:21:39]   2013    5.3k   5.8k  10.0k  19.3k  10.9k   7.8k   8.3k   8.7k   7.6k  12.0k  25.2k  24.9k
[17:21:39]   2014   21.9k  26.8k  26.2k  19.3k  19.4k  19.3k  20.6k  18.9k  19.4k  20.2k  20.3k  21.6k
[17:21:39]   2015   26.6k  22.3k  23.2k  22.0k  21.1k  21.8k  24.8k  23.9k  19.6k  21.1k  20.7k  20.9k
[17:21:39]   2016   27.1k  23.2k  23.5k  23.8k  23.4k  27.3k  25.5k  26.0k  23.9k  23.0k  24.7k  25.8k
[17:21:39]   2017   35.2k  32.0k  37.6k  31.2k  39.9k  42.1k  44.6k  54.4k  52.4k  59.3k  84.6k 117.0k
[17:21:39]   2018  116.0k  78.8k  67.7k  59.0k  59.4k  59.4k  60.3k  62.0k  55.9k  57.7k  49.6k  48.7k
[17:21:39]   2019   50.4k  41.4k  42.8k  44.5k  45.4k  47.0k  48.4k  48.9k  40.7k  41.3k  39.7k  37.0k
[17:21:39]   2020   49.3k  68.8k 107.2k  84.5k  84.0k  95.7k  84.2k  81.4k  70.5k  68.6k  82.9k 100.3k
[17:21:39]   2021  666.1k 586.1k 246.6k 174.4k 190.7k 196.6k 127.3k 142.7k 121.7k 127.4k 139.8k 113.6k
[17:21:39]   2022  116.6k  86.0k  80.6k  74.3k  78.0k  64.9k  59.0k  93.1k  64.5k  68.2k  69.6k  64.3k
[17:21:39]   2023   66.5k  61.2k  74.5k      1      .      .   1.5k   2.1k   1.2k   1.3k   1.3k   1.5k
[17:21:39]   2024    2.1k   3.5k   3.9k   2.8k   3.3k   2.8k   2.7k   2.9k   2.0k   2.1k   2.6k   2.3k
[17:21:39]   2025    2.4k   2.5k   2.5k   2.5k   2.1k   1.9k   2.4k   2.0k   1.8k   1.7k   1.4k   1.2k
[17:21:39]   2026       .      .     28     25     24    203   2.1k      .      .      .      .      .
[17:21:40] --- DATA COVERAGE: posts per month | source = stocktwits ---
[17:21:40]   year     Jan    Feb    Mar    Apr    May    Jun    Jul    Aug    Sep    Oct    Nov    Dec
[17:21:40]   2023       .      .      .      .      .      .      .      .      .      .      .      3
[17:21:40]   2024       .      .      .      .      .      .      .      4      .      1      2      1
[17:21:40]   2025       .      1      1      1      .      2      1      6      1      .      .      .
[17:21:40]   2026       .     11     13     40    106    383   3.5k      .      .      .      .      .
[17:21:40] --- DATA COVERAGE: posts per month | source = x ---
[17:21:40]   year     Jan    Feb    Mar    Apr    May    Jun    Jul    Aug    Sep    Oct    Nov    Dec
[17:21:40]   2015   25.3k  21.3k  21.0k  24.3k  15.1k  13.1k  26.3k  23.7k  16.8k  22.5k  14.0k  14.5k
[17:21:40]   2016   24.2k  18.8k  17.1k  26.2k  24.1k  18.4k  19.4k  14.4k  20.8k  21.2k  13.9k  12.9k
[17:21:40]   2017   17.0k  18.7k  15.0k  19.7k  21.8k  25.0k  23.6k  22.2k  19.2k  22.0k  22.5k  14.3k
[17:21:41]   2018   21.7k  22.6k  25.1k  31.5k  34.5k  35.2k  43.6k  69.8k  51.8k  58.0k  41.9k  39.8k
[17:21:41]   2019   51.6k  38.9k  53.7k  56.3k  50.9k  35.2k  39.4k  29.8k  32.5k  46.7k  37.7k  42.5k
[17:21:41]   2020       .      .      . 251.4k 112.6k 351.6k 208.0k      .      .      .      .      .
[17:21:41]   2021       .      .      .      .      .      .      .      .      .      .      .     71
[17:21:41]   2022    3.0k      .      .      .   4.5k  16.0k  16.2k  17.2k  10.1k  11.0k  11.0k   9.3k
[17:21:41]   2023   10.9k  16.5k  13.1k  12.7k  10.8k   3.5k   4.4k  10.7k    760   1.5k   6.1k   7.9k
[17:21:41]   2024       .   1.7k    620   7.3k   7.1k   9.2k  11.1k   6.9k   1.4k      .      .      .
[17:21:41]   2026       .      .      .      1      .      1   1.3k      .      .      .      .      .
[17:21:41] ('.' = NO data that month - a gap, not a quiet month)
[17:21:41] --- WINDOW CHECK: view 2020-01-08 -> 2025-02-28 | aggregates span 2017-01-01 -> 2026-07-14 ---
[17:21:41]   reddit     [OK] 572,280 mentions over 1776 days (~95% of the window)
[17:21:41]   stocktwits [OK] 40 mentions over 11 days (~1% of the window)
[17:21:41]   x          [OK] 1,950,245 mentions over 654 days (~35% of the window)
[17:21:41] backtest: aggregates + signals are up to date - only re-rendering the overlays for 2020-01-08 -> 2025-02-28
[17:21:41] snapshot -> c:\Users\alexd\Desktop\GIC\RetailFlow1\data\processed\signal_snapshots\2026-07-15_trade_signals.parquet
[17:21:41] snapshot -> c:\Users\alexd\Desktop\GIC\RetailFlow1\data\processed\signal_snapshots\2026-07-15_trade_signals_tickers.parquet
[17:21:41] pulling Bloomberg prices for the overlays (Terminal must be open)
[17:21:41] RUN  C:\Python312\python.exe pull_bloomberg_prices.py
[17:22:04] running notebook 11_overlay_ticker_mentions (output streams below)
[17:22:04] RUN  C:\Python312\python.exe -m nbconvert --to notebook --execute c:\Users\alexd\Desktop\GIC\RetailFlow1\notebooks\11_overlay_ticker_mentions.ipynb --output 11_overlay_ticker_mentions.tmp.ipynb --output-dir c:\Users\alexd\Desktop\GIC\RetailFlow1\notebooks --ExecutePreprocessor.timeout=1800
[17:22:15] ok   11_overlay_ticker_mentions
[17:22:15] running notebook 12_overlay_ticker_first_derivative (output streams below)
[17:22:15] RUN  C:\Python312\python.exe -m nbconvert --to notebook --execute c:\Users\alexd\Desktop\GIC\RetailFlow1\notebooks\12_overlay_ticker_first_derivative.ipynb --output 12_overlay_ticker_first_derivative.tmp.ipynb --output-dir c:\Users\alexd\Desktop\GIC\RetailFlow1\notebooks --ExecutePreprocessor.timeout=1800
[17:22:37] ok   12_overlay_ticker_first_derivative
[17:22:37] running notebook 13_overlay_theme_first_derivative (output streams below)
[17:22:37] RUN  C:\Python312\python.exe -m nbconvert --to notebook --execute c:\Users\alexd\Desktop\GIC\RetailFlow1\notebooks\13_overlay_theme_first_derivative.ipynb --output 13_overlay_theme_first_derivative.tmp.ipynb --output-dir c:\Users\alexd\Desktop\GIC\RetailFlow1\notebooks --ExecutePreprocessor.timeout=1800
[17:22:48] ok   13_overlay_theme_first_derivative
[17:22:48] running notebook 14_overlay_theme_conviction (output streams below)
[17:22:48] RUN  C:\Python312\python.exe -m nbconvert --to notebook --execute c:\Users\alexd\Desktop\GIC\RetailFlow1\notebooks\14_overlay_theme_conviction.ipynb --output 14_overlay_theme_conviction.tmp.ipynb --output-dir c:\Users\alexd\Desktop\GIC\RetailFlow1\notebooks --ExecutePreprocessor.timeout=1800
[17:23:00] ok   14_overlay_theme_conviction
[17:23:00] running notebook 15_overlay_trading_signals (output streams below)
[17:23:00] RUN  C:\Python312\python.exe -m nbconvert --to notebook --execute c:\Users\alexd\Desktop\GIC\RetailFlow1\notebooks\15_overlay_trading_signals.ipynb --output 15_overlay_trading_signals.tmp.ipynb --output-dir c:\Users\alexd\Desktop\GIC\RetailFlow1\notebooks --ExecutePreprocessor.timeout=1800
[17:23:14] ok   15_overlay_trading_signals
[17:23:14] running notebook 16_overlay_theme_trading_signals (output streams below)
[17:23:14] RUN  C:\Python312\python.exe -m nbconvert --to notebook --execute c:\Users\alexd\Desktop\GIC\RetailFlow1\notebooks\16_overlay_theme_trading_signals.ipynb --output 16_overlay_theme_trading_signals.tmp.ipynb --output-dir c:\Users\alexd\Desktop\GIC\RetailFlow1\notebooks --ExecutePreprocessor.timeout=1800
[17:23:26] ok   16_overlay_theme_trading_signals
[17:23:26] backtest view: nothing rebuilt, nothing published
[17:23:26] safety check: ABSTRACTED_DATA is text-free?
[17:23:26]   daily_ticker_counts.parquet               1.63 MB | ['date', 'ticker', 'mention_count']
[17:23:26]   daily_ticker_counts_by_source.parquet     1.81 MB | ['date', 'ticker', 'source', 'mention_count']
[17:23:26]   daily_ticker_sentiment.parquet            5.17 MB | ['date', 'ticker', 'n_posts', 'avg_sentiment', 'net_bullish']
[17:23:26]   daily_theme_counts.parquet                0.18 MB | ['date', 'theme', 'mention_count']
[17:23:26]   daily_theme_sentiment.parquet             1.14 MB | ['date', 'theme', 'n_posts', 'avg_sentiment', 'net_bullish']
[17:23:26]   daily_term_counts.parquet                 0.12 MB | ['date', 'term', 'mention_count']
[17:23:26] safety check: PASS - safe to commit
[17:23:26] 
[17:23:26] ============================================================
[17:23:26] RUN SUMMARY
[17:23:26]   window        : 2020-01-08 -> 2025-02-28
[17:23:26]   machine/path  : EXTERNAL | BACKTEST view (re-render overlays only)
[17:23:27]   post store    : 10,828,919 posts total
[17:23:29]     reddit     newest 2026-07-14
[17:23:29]     stocktwits newest 2026-07-14
[17:23:29]     x          newest 2026-07-14
[17:23:29]   aggregates    : 2017-01-01 -> 2026-07-14
[17:23:29]   theme signals : 1005 on file
[17:23:29]   ticker signals : 741 on file
[17:23:29]   price overlays: rendered (11-16)
[17:23:29]   safety check  : PASS
[17:23:29] ============================================================
[17:41:02] ============================================================
[17:41:02] UPDATE DATA
[17:41:02]   window : 2023-01-08 -> 2025-02-28
[17:41:02]   machine: EXTERNAL (raw store) (posts.parquet present)
[17:41:02]   path   : BACKTEST view (re-render overlays only)
[17:41:02]   fetch  : no (backtest or --skip-fetch)
[17:41:02] ============================================================
[17:41:05] fetch skipped
[17:41:05] merging live raw -> posts.parquet (close Jupyter first)
[17:41:05] RUN  C:\Python312\python.exe data_ingestion/scripts/merge_live.py
[17:41:45] --- DATA COVERAGE: posts per month | source = reddit ---
[17:41:45]   year     Jan    Feb    Mar    Apr    May    Jun    Jul    Aug    Sep    Oct    Nov    Dec
[17:41:45]   2008       .      .     31     15      1      8     18     25     35     55     66     61
[17:41:45]   2009      47     87     92     93     74     86    170    157    196     98     87    113
[17:41:45]   2010     107    103    135    241    290    180    204    203    261    236    254    306
[17:41:45]   2011     575    559    569    700   1.4k   2.8k   1.7k   1.8k   1.5k   1.7k   1.9k   2.1k
[17:41:45]   2012    3.0k   2.9k   3.1k   2.9k   3.3k   3.0k   3.3k   3.5k   3.0k   3.3k   3.3k   3.4k
[17:41:45]   2013    5.3k   5.8k  10.0k  19.3k  10.9k   7.8k   8.3k   8.7k   7.6k  12.0k  25.2k  24.9k
[17:41:45]   2014   21.9k  26.8k  26.2k  19.3k  19.4k  19.3k  20.6k  18.9k  19.4k  20.2k  20.3k  21.6k
[17:41:45]   2015   26.6k  22.3k  23.2k  22.0k  21.1k  21.8k  24.8k  23.9k  19.6k  21.1k  20.7k  20.9k
[17:41:45]   2016   27.1k  23.2k  23.5k  23.8k  23.4k  27.3k  25.5k  26.0k  23.9k  23.0k  24.7k  25.8k
[17:41:45]   2017   35.2k  32.0k  37.6k  31.2k  39.9k  42.1k  44.6k  54.4k  52.4k  59.3k  84.6k 117.0k
[17:41:45]   2018  116.0k  78.8k  67.7k  59.0k  59.4k  59.4k  60.3k  62.0k  55.9k  57.7k  49.6k  48.7k
[17:41:45]   2019   50.4k  41.4k  42.8k  44.5k  45.4k  47.0k  48.4k  48.9k  40.7k  41.3k  39.7k  37.0k
[17:41:45]   2020   49.3k  68.8k 107.2k  84.5k  84.0k  95.7k  84.2k  81.4k  70.5k  68.6k  82.9k 100.3k
[17:41:45]   2021  666.1k 586.1k 246.6k 174.4k 190.7k 196.6k 127.3k 142.7k 121.7k 127.4k 139.8k 113.6k
[17:41:45]   2022  116.6k  86.0k  80.6k  74.3k  78.0k  64.9k  59.0k  93.1k  64.5k  68.2k  69.6k  64.3k
[17:41:45]   2023   66.5k  61.2k  74.5k      1      .      .   1.5k   2.1k   1.2k   1.3k   1.3k   1.5k
[17:41:45]   2024    2.1k   3.5k   3.9k   2.8k   3.3k   2.8k   2.7k   2.9k   2.0k   2.1k   2.6k   2.3k
[17:41:45]   2025    2.4k   2.5k   2.5k   2.5k   2.1k   1.9k   2.4k   2.0k   1.8k   1.7k   1.4k   1.2k
[17:41:45]   2026       .      .     28     25     24    203   2.1k      .      .      .      .      .
[17:41:45] --- DATA COVERAGE: posts per month | source = stocktwits ---
[17:41:45]   year     Jan    Feb    Mar    Apr    May    Jun    Jul    Aug    Sep    Oct    Nov    Dec
[17:41:45]   2023       .      .      .      .      .      .      .      .      .      .      .      3
[17:41:45]   2024       .      .      .      .      .      .      .      4      .      1      2      1
[17:41:45]   2025       .      1      1      1      .      2      1      6      1      .      .      .
[17:41:45]   2026       .     11     13     40    106    383   3.5k      .      .      .      .      .
[17:41:46] --- DATA COVERAGE: posts per month | source = x ---
[17:41:46]   year     Jan    Feb    Mar    Apr    May    Jun    Jul    Aug    Sep    Oct    Nov    Dec
[17:41:46]   2015   25.3k  21.3k  21.0k  24.3k  15.1k  13.1k  26.3k  23.7k  16.8k  22.5k  14.0k  14.5k
[17:41:46]   2016   24.2k  18.8k  17.1k  26.2k  24.1k  18.4k  19.4k  14.4k  20.8k  21.2k  13.9k  12.9k
[17:41:46]   2017   17.0k  18.7k  15.0k  19.7k  21.8k  25.0k  23.6k  22.2k  19.2k  22.0k  22.5k  14.3k
[17:41:46]   2018   21.7k  22.6k  25.1k  31.5k  34.5k  35.2k  43.6k  69.8k  51.8k  58.0k  41.9k  39.8k
[17:41:46]   2019   51.6k  38.9k  53.7k  56.3k  50.9k  35.2k  39.4k  29.8k  32.5k  46.7k  37.7k  42.5k
[17:41:46]   2020       .      .      . 251.4k 112.6k 351.6k 208.0k      .      .      .      .      .
[17:41:46]   2021       .      .      .      .      .      .      .      .      .      .      .     71
[17:41:46]   2022    3.0k      .      .      .   4.5k  16.0k  16.2k  17.2k  10.1k  11.0k  11.0k   9.3k
[17:41:46]   2023   10.9k  16.5k  13.1k  12.7k  10.8k   3.5k   4.4k  10.7k    760   1.5k   6.1k   7.9k
[17:41:46]   2024       .   1.7k    620   7.3k   7.1k   9.2k  11.1k   6.9k   1.4k      .      .      .
[17:41:46]   2026       .      .      .      1      .      1   1.3k      .      .      .      .      .
[17:41:46] ('.' = NO data that month - a gap, not a quiet month)
[17:41:46] --- WINDOW CHECK: view 2023-01-08 -> 2025-02-28 | aggregates span 2017-01-01 -> 2026-07-14 ---
[17:41:46]   reddit     [OK] 26,968 mentions over 680 days (~87% of the window)
[17:41:46]   stocktwits [OK] 40 mentions over 11 days (~1% of the window)
[17:41:46]   x          [OK] 44,111 mentions over 354 days (~45% of the window)
[17:41:46] backtest: aggregates + signals are up to date - only re-rendering the overlays for 2023-01-08 -> 2025-02-28
[17:41:46] snapshot -> c:\Users\alexd\Desktop\GIC\RetailFlow1\data\processed\signal_snapshots\2026-07-15_trade_signals.parquet
[17:41:46] snapshot -> c:\Users\alexd\Desktop\GIC\RetailFlow1\data\processed\signal_snapshots\2026-07-15_trade_signals_tickers.parquet
[17:41:46] pulling Bloomberg prices for the overlays (Terminal must be open)
[17:41:46] RUN  C:\Python312\python.exe pull_bloomberg_prices.py
[17:42:00] running notebook 11_overlay_ticker_mentions (output streams below)
[17:42:00] RUN  C:\Python312\python.exe -m nbconvert --to notebook --execute c:\Users\alexd\Desktop\GIC\RetailFlow1\notebooks\11_overlay_ticker_mentions.ipynb --output 11_overlay_ticker_mentions.tmp.ipynb --output-dir c:\Users\alexd\Desktop\GIC\RetailFlow1\notebooks --ExecutePreprocessor.timeout=1800
[17:42:10] ok   11_overlay_ticker_mentions
[17:42:10] running notebook 12_overlay_ticker_first_derivative (output streams below)
[17:42:10] RUN  C:\Python312\python.exe -m nbconvert --to notebook --execute c:\Users\alexd\Desktop\GIC\RetailFlow1\notebooks\12_overlay_ticker_first_derivative.ipynb --output 12_overlay_ticker_first_derivative.tmp.ipynb --output-dir c:\Users\alexd\Desktop\GIC\RetailFlow1\notebooks --ExecutePreprocessor.timeout=1800
[17:42:25] ok   12_overlay_ticker_first_derivative
[17:42:25] running notebook 13_overlay_theme_first_derivative (output streams below)
[17:42:25] RUN  C:\Python312\python.exe -m nbconvert --to notebook --execute c:\Users\alexd\Desktop\GIC\RetailFlow1\notebooks\13_overlay_theme_first_derivative.ipynb --output 13_overlay_theme_first_derivative.tmp.ipynb --output-dir c:\Users\alexd\Desktop\GIC\RetailFlow1\notebooks --ExecutePreprocessor.timeout=1800
[17:42:37] ok   13_overlay_theme_first_derivative
[17:42:37] running notebook 14_overlay_theme_conviction (output streams below)
[17:42:37] RUN  C:\Python312\python.exe -m nbconvert --to notebook --execute c:\Users\alexd\Desktop\GIC\RetailFlow1\notebooks\14_overlay_theme_conviction.ipynb --output 14_overlay_theme_conviction.tmp.ipynb --output-dir c:\Users\alexd\Desktop\GIC\RetailFlow1\notebooks --ExecutePreprocessor.timeout=1800
[17:42:47] ok   14_overlay_theme_conviction
[17:42:47] running notebook 15_overlay_trading_signals (output streams below)
[17:42:47] RUN  C:\Python312\python.exe -m nbconvert --to notebook --execute c:\Users\alexd\Desktop\GIC\RetailFlow1\notebooks\15_overlay_trading_signals.ipynb --output 15_overlay_trading_signals.tmp.ipynb --output-dir c:\Users\alexd\Desktop\GIC\RetailFlow1\notebooks --ExecutePreprocessor.timeout=1800
[17:43:00] ok   15_overlay_trading_signals
[17:43:00] running notebook 16_overlay_theme_trading_signals (output streams below)
[17:43:00] RUN  C:\Python312\python.exe -m nbconvert --to notebook --execute c:\Users\alexd\Desktop\GIC\RetailFlow1\notebooks\16_overlay_theme_trading_signals.ipynb --output 16_overlay_theme_trading_signals.tmp.ipynb --output-dir c:\Users\alexd\Desktop\GIC\RetailFlow1\notebooks --ExecutePreprocessor.timeout=1800
[17:43:12] ok   16_overlay_theme_trading_signals
[17:43:12] backtest view: nothing rebuilt, nothing published
[17:43:12] safety check: ABSTRACTED_DATA is text-free?
[17:43:12]   daily_ticker_counts.parquet               1.63 MB | ['date', 'ticker', 'mention_count']
[17:43:12]   daily_ticker_counts_by_source.parquet     1.81 MB | ['date', 'ticker', 'source', 'mention_count']
[17:43:12]   daily_ticker_sentiment.parquet            5.17 MB | ['date', 'ticker', 'n_posts', 'avg_sentiment', 'net_bullish']
[17:43:12]   daily_theme_counts.parquet                0.18 MB | ['date', 'theme', 'mention_count']
[17:43:12]   daily_theme_sentiment.parquet             1.14 MB | ['date', 'theme', 'n_posts', 'avg_sentiment', 'net_bullish']
[17:43:12]   daily_term_counts.parquet                 0.12 MB | ['date', 'term', 'mention_count']
[17:43:12] safety check: PASS - safe to commit
[17:43:12] 
[17:43:12] ============================================================
[17:43:12] RUN SUMMARY
[17:43:12]   window        : 2023-01-08 -> 2025-02-28
[17:43:12]   machine/path  : EXTERNAL | BACKTEST view (re-render overlays only)
[17:43:13]   post store    : 10,828,919 posts total
[17:43:15]     reddit     newest 2026-07-14
[17:43:15]     stocktwits newest 2026-07-14
[17:43:15]     x          newest 2026-07-14
[17:43:15]   aggregates    : 2017-01-01 -> 2026-07-14
[17:43:15]   theme signals : 1005 on file
[17:43:15]   ticker signals : 741 on file
[17:43:15]   price overlays: rendered (11-16)
[17:43:15]   safety check  : PASS
[17:43:15] ============================================================
[17:53:25] ============================================================
[17:53:25] UPDATE DATA
[17:53:25]   window : 2026-06-08 -> LIVE (newest)
[17:53:25]   machine: EXTERNAL (raw store) (posts.parquet present)
[17:53:25]   path   : LIVE fast (incremental aggregates + 08/09/10)
[17:53:25]   fetch  : yes
[17:53:25] ============================================================
[17:53:29] RUN  C:\Python312\python.exe api_calls/fetch_all.py --no-merge --lookback-days 7 --max-credits 90
[18:06:08] merging live raw -> posts.parquet (close Jupyter first)
[18:06:08] RUN  C:\Python312\python.exe data_ingestion/scripts/merge_live.py
[18:08:14] live fast path: refreshing the aggregate tail from posts.parquet
[18:08:14] RUN  C:\Python312\python.exe data_ingestion/scripts/refresh_recent_aggregates.py
[18:09:56] --- DATA COVERAGE: posts per month | source = reddit ---
[18:09:56]   year     Jan    Feb    Mar    Apr    May    Jun    Jul    Aug    Sep    Oct    Nov    Dec
[18:09:56]   2008       .      .     31     15      1      8     18     25     35     55     66     61
[18:09:56]   2009      47     87     92     93     74     86    170    157    196     98     87    113
[18:09:56]   2010     107    103    135    241    290    180    204    203    261    236    254    306
[18:09:56]   2011     575    559    569    700   1.4k   2.8k   1.7k   1.8k   1.5k   1.7k   1.9k   2.1k
[18:09:56]   2012    3.0k   2.9k   3.1k   2.9k   3.3k   3.0k   3.3k   3.5k   3.0k   3.3k   3.3k   3.4k
[18:09:56]   2013    5.3k   5.8k  10.0k  19.3k  10.9k   7.8k   8.3k   8.7k   7.6k  12.0k  25.2k  24.9k
[18:09:56]   2014   21.9k  26.8k  26.2k  19.3k  19.4k  19.3k  20.6k  18.9k  19.4k  20.2k  20.3k  21.6k
[18:09:56]   2015   26.6k  22.3k  23.2k  22.0k  21.1k  21.8k  24.8k  23.9k  19.6k  21.1k  20.7k  20.9k
[18:09:56]   2016   27.1k  23.2k  23.5k  23.8k  23.4k  27.3k  25.5k  26.0k  23.9k  23.0k  24.7k  25.8k
[18:09:56]   2017   35.2k  32.0k  37.6k  31.2k  39.9k  42.1k  44.6k  54.4k  52.4k  59.3k  84.6k 117.0k
[18:09:56]   2018  116.0k  78.8k  67.7k  59.0k  59.4k  59.4k  60.3k  62.0k  55.9k  57.7k  49.6k  48.7k
[18:09:56]   2019   50.4k  41.4k  42.8k  44.5k  45.4k  47.0k  48.4k  48.9k  40.7k  41.3k  39.7k  37.0k
[18:09:56]   2020   49.3k  68.8k 107.2k  84.5k  84.0k  95.7k  84.2k  81.4k  70.5k  68.6k  82.9k 100.3k
[18:09:56]   2021  666.1k 586.1k 246.6k 174.4k 190.7k 196.6k 127.3k 142.7k 121.7k 127.4k 139.8k 113.6k
[18:09:56]   2022  116.6k  86.0k  80.6k  74.3k  78.0k  64.9k  59.0k  93.1k  64.5k  68.2k  69.6k  64.3k
[18:09:56]   2023   66.5k  61.2k  74.5k      1      .      .   1.5k   2.1k   1.2k   1.3k   1.3k   1.5k
[18:09:56]   2024    2.1k   3.5k   3.9k   2.8k   3.3k   2.8k   2.7k   2.9k   2.0k   2.1k   2.6k   2.3k
[18:09:56]   2025    2.4k   2.5k   2.5k   2.5k   2.1k   1.9k   2.4k   2.0k   1.8k   1.7k   1.4k   1.2k
[18:09:56]   2026       .      .     28     25     24    203   2.3k      .      .      .      .      .
[18:09:56] --- DATA COVERAGE: posts per month | source = stocktwits ---
[18:09:56]   year     Jan    Feb    Mar    Apr    May    Jun    Jul    Aug    Sep    Oct    Nov    Dec
[18:09:56]   2023       .      .      .      .      .      .      .      .      .      .      .      3
[18:09:56]   2024       .      .      .      .      .      .      .      4      .      1      2      1
[18:09:56]   2025       .      1      1      1      .      2      1      6      1      .      .      .
[18:09:56]   2026       .     11     13     40    106    383   4.1k      .      .      .      .      .
[18:09:58] --- DATA COVERAGE: posts per month | source = x ---
[18:09:58]   year     Jan    Feb    Mar    Apr    May    Jun    Jul    Aug    Sep    Oct    Nov    Dec
[18:09:58]   2015   25.3k  21.3k  21.0k  24.3k  15.1k  13.1k  26.3k  23.7k  16.8k  22.5k  14.0k  14.5k
[18:09:58]   2016   24.2k  18.8k  17.1k  26.2k  24.1k  18.4k  19.4k  14.4k  20.8k  21.2k  13.9k  12.9k
[18:09:58]   2017   17.0k  18.7k  15.0k  19.7k  21.8k  25.0k  23.6k  22.2k  19.2k  22.0k  22.5k  14.3k
[18:09:58]   2018   21.7k  22.6k  25.1k  31.5k  34.5k  35.2k  43.6k  69.8k  51.8k  58.0k  41.9k  39.8k
[18:09:58]   2019   51.6k  38.9k  53.7k  56.3k  50.9k  35.2k  39.4k  29.8k  32.5k  46.7k  37.7k  42.5k
[18:09:58]   2020       .      .      . 251.4k 112.6k 351.6k 208.0k      .      .      .      .      .
[18:09:58]   2021       .      .      .      .      .      .      .      .      .      .      .     71
[18:09:58]   2022    3.0k      .      .      .   4.5k  16.0k  16.2k  17.2k  10.1k  11.0k  11.0k   9.3k
[18:09:58]   2023   10.9k  16.5k  13.1k  12.7k  10.8k   3.5k   4.4k  10.7k    760   1.5k   6.1k   7.9k
[18:09:58]   2024       .   1.7k    620   7.3k   7.1k   9.2k  11.1k   6.9k   1.4k      .      .      .
[18:09:58]   2026       .      .      .      1      .      1   1.8k      .      .      .      .      .
[18:09:58] ('.' = NO data that month - a gap, not a quiet month)
[18:09:58] --- WINDOW CHECK: view 2026-06-08 -> 2026-07-15 | aggregates span 2017-01-01 -> 2026-07-15 ---
[18:09:58]   reddit     [OK] 1,039 mentions over 27 days (~73% of the window)
[18:09:58]   stocktwits [OK] 10,657 mentions over 38 days (~100% of the window)
[18:09:58]   x          [OK] 3,591 mentions over 10 days (~27% of the window)
[18:09:58] live: refreshing signal notebooks 08/09/10 off the aggregates
[18:09:58] running notebook 08_ticker_conviction (output streams below)
[18:09:58] RUN  C:\Python312\python.exe -m nbconvert --to notebook --execute c:\Users\alexd\Desktop\GIC\RetailFlow1\notebooks\08_ticker_conviction.ipynb --output 08_ticker_conviction.tmp.ipynb --output-dir c:\Users\alexd\Desktop\GIC\RetailFlow1\notebooks --ExecutePreprocessor.timeout=3600
[18:10:59] ok   08_ticker_conviction
[18:10:59] running notebook 09_theme_conviction (output streams below)
[18:10:59] RUN  C:\Python312\python.exe -m nbconvert --to notebook --execute c:\Users\alexd\Desktop\GIC\RetailFlow1\notebooks\09_theme_conviction.ipynb --output 09_theme_conviction.tmp.ipynb --output-dir c:\Users\alexd\Desktop\GIC\RetailFlow1\notebooks --ExecutePreprocessor.timeout=3600
[18:11:10] ok   09_theme_conviction
[18:11:10] running notebook 10_trading_signals (output streams below)
[18:11:10] RUN  C:\Python312\python.exe -m nbconvert --to notebook --execute c:\Users\alexd\Desktop\GIC\RetailFlow1\notebooks\10_trading_signals.ipynb --output 10_trading_signals.tmp.ipynb --output-dir c:\Users\alexd\Desktop\GIC\RetailFlow1\notebooks --ExecutePreprocessor.timeout=3600
[18:12:04] ok   10_trading_signals
[18:12:04] scanning for emerging terms (nothing the themes cover yet)
[18:12:04] RUN  C:\Python312\python.exe helper/find_emerging_terms.py --top 15 --promote
[18:13:02] snapshot -> c:\Users\alexd\Desktop\GIC\RetailFlow1\data\processed\signal_snapshots\2026-07-15_trade_signals.parquet
[18:13:02] snapshot -> c:\Users\alexd\Desktop\GIC\RetailFlow1\data\processed\signal_snapshots\2026-07-15_trade_signals_tickers.parquet
[18:13:02] pulling Bloomberg prices for the overlays (Terminal must be open)
[18:13:02] RUN  C:\Python312\python.exe pull_bloomberg_prices.py
[18:13:11] running notebook 11_overlay_ticker_mentions (output streams below)
[18:13:11] RUN  C:\Python312\python.exe -m nbconvert --to notebook --execute c:\Users\alexd\Desktop\GIC\RetailFlow1\notebooks\11_overlay_ticker_mentions.ipynb --output 11_overlay_ticker_mentions.tmp.ipynb --output-dir c:\Users\alexd\Desktop\GIC\RetailFlow1\notebooks --ExecutePreprocessor.timeout=1800
[18:13:20] ok   11_overlay_ticker_mentions
[18:13:20] running notebook 12_overlay_ticker_first_derivative (output streams below)
[18:13:20] RUN  C:\Python312\python.exe -m nbconvert --to notebook --execute c:\Users\alexd\Desktop\GIC\RetailFlow1\notebooks\12_overlay_ticker_first_derivative.ipynb --output 12_overlay_ticker_first_derivative.tmp.ipynb --output-dir c:\Users\alexd\Desktop\GIC\RetailFlow1\notebooks --ExecutePreprocessor.timeout=1800
[18:13:32] ok   12_overlay_ticker_first_derivative
[18:13:32] running notebook 13_overlay_theme_first_derivative (output streams below)
[18:13:32] RUN  C:\Python312\python.exe -m nbconvert --to notebook --execute c:\Users\alexd\Desktop\GIC\RetailFlow1\notebooks\13_overlay_theme_first_derivative.ipynb --output 13_overlay_theme_first_derivative.tmp.ipynb --output-dir c:\Users\alexd\Desktop\GIC\RetailFlow1\notebooks --ExecutePreprocessor.timeout=1800
[18:13:42] ok   13_overlay_theme_first_derivative
[18:13:42] running notebook 14_overlay_theme_conviction (output streams below)
[18:13:42] RUN  C:\Python312\python.exe -m nbconvert --to notebook --execute c:\Users\alexd\Desktop\GIC\RetailFlow1\notebooks\14_overlay_theme_conviction.ipynb --output 14_overlay_theme_conviction.tmp.ipynb --output-dir c:\Users\alexd\Desktop\GIC\RetailFlow1\notebooks --ExecutePreprocessor.timeout=1800
[18:13:52] ok   14_overlay_theme_conviction
[18:13:52] running notebook 15_overlay_trading_signals (output streams below)
[18:13:52] RUN  C:\Python312\python.exe -m nbconvert --to notebook --execute c:\Users\alexd\Desktop\GIC\RetailFlow1\notebooks\15_overlay_trading_signals.ipynb --output 15_overlay_trading_signals.tmp.ipynb --output-dir c:\Users\alexd\Desktop\GIC\RetailFlow1\notebooks --ExecutePreprocessor.timeout=1800
[18:14:03] ok   15_overlay_trading_signals
[18:14:03] running notebook 16_overlay_theme_trading_signals (output streams below)
[18:14:03] RUN  C:\Python312\python.exe -m nbconvert --to notebook --execute c:\Users\alexd\Desktop\GIC\RetailFlow1\notebooks\16_overlay_theme_trading_signals.ipynb --output 16_overlay_theme_trading_signals.tmp.ipynb --output-dir c:\Users\alexd\Desktop\GIC\RetailFlow1\notebooks --ExecutePreprocessor.timeout=1800
[18:14:13] ok   16_overlay_theme_trading_signals
[18:14:13] publishing aggregates -> ABSTRACTED_DATA
[18:14:13] safety check: ABSTRACTED_DATA is text-free?
[18:14:13]   daily_ticker_counts.parquet               1.64 MB | ['date', 'ticker', 'mention_count']
[18:14:13]   daily_ticker_counts_by_source.parquet     1.82 MB | ['date', 'ticker', 'source', 'mention_count']
[18:14:13]   daily_ticker_sentiment.parquet            5.17 MB | ['date', 'ticker', 'n_posts', 'avg_sentiment', 'net_bullish']
[18:14:13]   daily_theme_counts.parquet                0.18 MB | ['date', 'theme', 'mention_count']
[18:14:13]   daily_theme_sentiment.parquet             1.14 MB | ['date', 'theme', 'n_posts', 'avg_sentiment', 'net_bullish']
[18:14:13]   daily_term_counts.parquet                 0.12 MB | ['date', 'term', 'mention_count']
[18:14:13] safety check: PASS - safe to commit
[18:14:13] 
[18:14:13] ============================================================
[18:14:13] RUN SUMMARY
[18:14:13]   window        : 2026-06-08 -> LIVE (newest)
[18:14:13]   machine/path  : EXTERNAL | LIVE fast (incremental aggregates + 08/09/10)
[18:14:15]   post store    : 10,830,201 posts total
[18:14:16]     reddit     newest 2026-07-15
[18:14:16]     stocktwits newest 2026-07-15
[18:14:16]     x          newest 2026-07-15
[18:14:16]   aggregates    : 2017-01-01 -> 2026-07-15
[18:14:16]   theme signals : 1006 on file
[18:14:16]   ticker signals : 740 on file
[18:14:16]   price overlays: rendered (11-16)
[18:14:16]   safety check  : PASS
[18:14:16] ============================================================
