[13:35:17] ============================================================
[13:35:17] UPDATE DATA
[13:35:17]   window : 2026-07-08 -> LIVE (newest)
[13:35:17]   machine: EXTERNAL (raw store) (posts.parquet present)
[13:35:17]   path   : LIVE fast (incremental aggregates + 08/09/10)
[13:35:17]   fetch  : yes
[13:35:17] ============================================================
[13:35:22] RUN  C:\Python312\python.exe api_calls/fetch_all.py --no-merge --lookback-days 7 --max-credits 90
[13:47:56] merging live raw -> posts.parquet (close Jupyter first)
[13:47:56] RUN  C:\Python312\python.exe data_ingestion/scripts/merge_live.py
[13:48:01] FAIL (see the output above)
[13:48:01] live fast path: refreshing the aggregate tail from posts.parquet
[13:48:01] RUN  C:\Python312\python.exe data_ingestion/scripts/refresh_recent_aggregates.py
[13:48:25] --- DATA COVERAGE: posts per month | source = reddit ---
[13:48:25]   year     Jan    Feb    Mar    Apr    May    Jun    Jul    Aug    Sep    Oct    Nov    Dec
[13:48:25]   2008       .      .     31     15      1      8     18     25     35     55     66     61
[13:48:25]   2009      47     87     92     93     74     86    170    157    196     98     87    113
[13:48:25]   2010     107    103    135    241    290    180    204    203    261    236    254    306
[13:48:25]   2011     575    559    569    700   1.4k   2.8k   1.7k   1.8k   1.5k   1.7k   1.9k   2.1k
[13:48:25]   2012    3.0k   2.9k   3.1k   2.9k   3.3k   3.0k   3.3k   3.5k   3.0k   3.3k   3.3k   3.4k
[13:48:25]   2013    5.3k   5.8k  10.0k  19.3k  10.9k   7.8k   8.3k   8.7k   7.6k  12.0k  25.2k  24.9k
[13:48:25]   2014   21.9k  26.8k  26.2k  19.3k  19.4k  19.3k  20.6k  18.9k  19.4k  20.2k  20.3k  21.6k
[13:48:25]   2015   26.6k  22.3k  23.2k  22.0k  21.1k  21.8k  24.8k  23.9k  19.6k  21.1k  20.7k  20.9k
[13:48:25]   2016   27.1k  23.2k  23.5k  23.8k  23.4k  27.3k  25.5k  26.0k  23.9k  23.0k  24.7k  25.8k
[13:48:25]   2017   35.2k  32.0k  37.6k  31.2k  39.9k  42.1k  44.6k  54.4k  52.4k  59.3k  84.6k 117.0k
[13:48:25]   2018  116.0k  78.8k  67.7k  59.0k  59.4k  59.4k  60.3k  62.0k  55.9k  57.7k  49.6k  48.7k
[13:48:25]   2019   50.4k  41.4k  42.8k  44.5k  45.4k  47.0k  48.4k  48.9k  40.7k  41.3k  39.7k  37.0k
[13:48:25]   2020   49.3k  68.8k 107.2k  84.5k  84.0k  95.7k  84.2k  81.4k  70.5k  68.6k  82.9k 100.3k
[13:48:25]   2021  666.1k 586.1k 246.6k 174.4k 190.7k 196.6k 127.3k 142.7k 121.7k 127.4k 139.8k 113.6k
[13:48:25]   2022  116.6k  86.0k  80.6k  74.3k  78.0k  64.9k  59.0k  93.1k  64.5k  68.2k  69.6k  64.3k
[13:48:25]   2023   66.5k  61.2k  74.5k      1      .      .   1.5k   2.1k   1.2k   1.3k   1.3k   1.5k
[13:48:25]   2024    2.1k   3.5k   3.9k   2.8k   3.3k   2.8k   2.7k   2.9k   2.0k   2.1k   2.6k   2.3k
[13:48:25]   2025    2.4k   2.5k   2.5k   2.5k   2.1k   1.9k   2.4k   2.0k   1.8k   1.7k   1.4k   1.2k
[13:48:25]   2026       .      .     28     25     24    203   1.7k      .      .      .      .      .
[13:48:25] --- DATA COVERAGE: posts per month | source = stocktwits ---
[13:48:25]   year     Jan    Feb    Mar    Apr    May    Jun    Jul    Aug    Sep    Oct    Nov    Dec
[13:48:25]   2023       .      .      .      .      .      .      .      .      .      .      .      3
[13:48:25]   2024       .      .      .      .      .      .      .      4      .      1      2      1
[13:48:25]   2025       .      1      1      1      .      2      1      6      1      .      .      .
[13:48:25]   2026       .     11     13     40    106    383   2.9k      .      .      .      .      .
[13:48:26] --- DATA COVERAGE: posts per month | source = x ---
[13:48:26]   year     Jan    Feb    Mar    Apr    May    Jun    Jul    Aug    Sep    Oct    Nov    Dec
[13:48:26]   2015   25.3k  21.3k  21.0k  24.3k  15.1k  13.1k  26.3k  23.7k  16.8k  22.5k  14.0k  14.5k
[13:48:26]   2016   24.2k  18.8k  17.1k  26.2k  24.1k  18.4k  19.4k  14.4k  20.8k  21.2k  13.9k  12.9k
[13:48:26]   2017   17.0k  18.7k  15.0k  19.7k  21.8k  25.0k  23.6k  22.2k  19.2k  22.0k  22.5k  14.3k
[13:48:26]   2018   21.7k  22.6k  25.1k  31.5k  34.5k  35.2k  43.6k  69.8k  51.8k  58.0k  41.9k  39.8k
[13:48:26]   2019   51.6k  38.9k  53.7k  56.3k  50.9k  35.2k  39.4k  29.8k  32.5k  46.7k  37.7k  42.5k
[13:48:26]   2020       .      .      . 251.4k 112.6k 351.6k 208.0k      .      .      .      .      .
[13:48:26]   2021       .      .      .      .      .      .      .      .      .      .      .     71
[13:48:26]   2022    3.0k      .      .      .   4.5k  16.0k  16.2k  17.2k  10.1k  11.0k  11.0k   9.3k
[13:48:26]   2023   10.9k  16.5k  13.1k  12.7k  10.8k   3.5k   4.4k  10.7k    760   1.5k   6.1k   7.9k
[13:48:26]   2024       .   1.7k    620   7.3k   7.1k   9.2k  11.1k   6.9k   1.4k      .      .      .
[13:48:26]   2026       .      .      .      .      .      .    429      .      .      .      .      .
[13:48:26] ('.' = NO data that month - a gap, not a quiet month)
[13:48:26] --- WINDOW CHECK: view 2026-07-08 -> 2026-07-13 | aggregates span 2017-01-01 -> 2026-07-13 ---
[13:48:26]   reddit     [OK] 399 mentions over 6 days (~100% of the window)
[13:48:26]   stocktwits [OK] 3,517 mentions over 6 days (~100% of the window)
[13:48:26]   x          [OK] 885 mentions over 6 days (~100% of the window)
[13:48:26] live: refreshing signal notebooks 08/09/10 off the aggregates
[13:48:26] running notebook 08_ticker_conviction (output streams below)
[13:48:26] RUN  C:\Python312\python.exe -m nbconvert --to notebook --execute c:\Users\alexd\Desktop\GIC\RetailFlow1\notebooks\08_ticker_conviction.ipynb --output 08_ticker_conviction.tmp.ipynb --output-dir c:\Users\alexd\Desktop\GIC\RetailFlow1\notebooks --ExecutePreprocessor.timeout=3600
[13:48:54] ok   08_ticker_conviction
[13:48:54] running notebook 09_theme_conviction (output streams below)
[13:48:54] RUN  C:\Python312\python.exe -m nbconvert --to notebook --execute c:\Users\alexd\Desktop\GIC\RetailFlow1\notebooks\09_theme_conviction.ipynb --output 09_theme_conviction.tmp.ipynb --output-dir c:\Users\alexd\Desktop\GIC\RetailFlow1\notebooks --ExecutePreprocessor.timeout=3600
[13:49:05] ok   09_theme_conviction
[13:49:05] running notebook 10_trading_signals (output streams below)
[13:49:05] RUN  C:\Python312\python.exe -m nbconvert --to notebook --execute c:\Users\alexd\Desktop\GIC\RetailFlow1\notebooks\10_trading_signals.ipynb --output 10_trading_signals.tmp.ipynb --output-dir c:\Users\alexd\Desktop\GIC\RetailFlow1\notebooks --ExecutePreprocessor.timeout=3600
[13:49:50] ok   10_trading_signals
[13:49:50] scanning for emerging terms (nothing the themes cover yet)
[13:49:50] RUN  C:\Python312\python.exe helper/find_emerging_terms.py --top 15 --promote
[13:50:41] snapshot -> c:\Users\alexd\Desktop\GIC\RetailFlow1\data\processed\signal_snapshots\2026-07-14_trade_signals.parquet
[13:50:41] snapshot -> c:\Users\alexd\Desktop\GIC\RetailFlow1\data\processed\signal_snapshots\2026-07-14_trade_signals_tickers.parquet
[13:50:41] pulling Bloomberg prices for the overlays (Terminal must be open)
[13:50:41] RUN  C:\Python312\python.exe pull_bloomberg_prices.py
[13:52:42] FAIL (see the output above)
[13:52:42] running notebook 11_overlay_ticker_mentions (output streams below)
[13:52:42] RUN  C:\Python312\python.exe -m nbconvert --to notebook --execute c:\Users\alexd\Desktop\GIC\RetailFlow1\notebooks\11_overlay_ticker_mentions.ipynb --output 11_overlay_ticker_mentions.tmp.ipynb --output-dir c:\Users\alexd\Desktop\GIC\RetailFlow1\notebooks --ExecutePreprocessor.timeout=1800
[13:52:49] ok   11_overlay_ticker_mentions
[13:52:49] running notebook 12_overlay_ticker_first_derivative (output streams below)
[13:52:49] RUN  C:\Python312\python.exe -m nbconvert --to notebook --execute c:\Users\alexd\Desktop\GIC\RetailFlow1\notebooks\12_overlay_ticker_first_derivative.ipynb --output 12_overlay_ticker_first_derivative.tmp.ipynb --output-dir c:\Users\alexd\Desktop\GIC\RetailFlow1\notebooks --ExecutePreprocessor.timeout=1800
[13:52:57] ok   12_overlay_ticker_first_derivative
[13:52:57] running notebook 13_overlay_theme_first_derivative (output streams below)
[13:52:57] RUN  C:\Python312\python.exe -m nbconvert --to notebook --execute c:\Users\alexd\Desktop\GIC\RetailFlow1\notebooks\13_overlay_theme_first_derivative.ipynb --output 13_overlay_theme_first_derivative.tmp.ipynb --output-dir c:\Users\alexd\Desktop\GIC\RetailFlow1\notebooks --ExecutePreprocessor.timeout=1800
[13:53:04] ok   13_overlay_theme_first_derivative
[13:53:04] running notebook 14_overlay_theme_conviction (output streams below)
[13:53:04] RUN  C:\Python312\python.exe -m nbconvert --to notebook --execute c:\Users\alexd\Desktop\GIC\RetailFlow1\notebooks\14_overlay_theme_conviction.ipynb --output 14_overlay_theme_conviction.tmp.ipynb --output-dir c:\Users\alexd\Desktop\GIC\RetailFlow1\notebooks --ExecutePreprocessor.timeout=1800
[13:53:11] ok   14_overlay_theme_conviction
[13:53:11] running notebook 15_overlay_trading_signals (output streams below)
[13:53:11] RUN  C:\Python312\python.exe -m nbconvert --to notebook --execute c:\Users\alexd\Desktop\GIC\RetailFlow1\notebooks\15_overlay_trading_signals.ipynb --output 15_overlay_trading_signals.tmp.ipynb --output-dir c:\Users\alexd\Desktop\GIC\RetailFlow1\notebooks --ExecutePreprocessor.timeout=1800
[13:53:17] ok   15_overlay_trading_signals
[13:53:17] running notebook 16_overlay_theme_trading_signals (output streams below)
[13:53:17] RUN  C:\Python312\python.exe -m nbconvert --to notebook --execute c:\Users\alexd\Desktop\GIC\RetailFlow1\notebooks\16_overlay_theme_trading_signals.ipynb --output 16_overlay_theme_trading_signals.tmp.ipynb --output-dir c:\Users\alexd\Desktop\GIC\RetailFlow1\notebooks --ExecutePreprocessor.timeout=1800
[13:53:24] ok   16_overlay_theme_trading_signals
[13:53:24] publishing aggregates -> ABSTRACTED_DATA
[13:53:24] safety check: ABSTRACTED_DATA is text-free?
[13:53:24]   daily_ticker_counts.parquet               1.63 MB | ['date', 'ticker', 'mention_count']
[13:53:24]   daily_ticker_counts_by_source.parquet     1.81 MB | ['date', 'ticker', 'source', 'mention_count']
[13:53:24]   daily_ticker_sentiment.parquet            5.16 MB | ['date', 'ticker', 'n_posts', 'avg_sentiment', 'net_bullish']
[13:53:24]   daily_theme_counts.parquet                0.18 MB | ['date', 'theme', 'mention_count']
[13:53:24]   daily_theme_sentiment.parquet             1.14 MB | ['date', 'theme', 'n_posts', 'avg_sentiment', 'net_bullish']
[13:53:24]   MISSING  daily_term_counts.parquet
[13:53:24] safety check: FAIL - do NOT commit
[13:53:24] 
[13:53:24] ============================================================
[13:53:24] RUN SUMMARY
[13:53:24]   window        : 2026-07-08 -> LIVE (newest)
[13:53:24]   machine/path  : EXTERNAL | LIVE fast (incremental aggregates + 08/09/10)
[13:53:25]   post store    : 10,826,982 posts total
[13:53:26]     reddit     newest 2026-07-13
[13:53:26]     stocktwits newest 2026-07-13
[13:53:26]     x          newest 2026-07-13
[13:53:26]   aggregates    : 2017-01-01 -> 2026-07-13
[13:53:26]   theme signals : 1005 on file
[13:53:26]   ticker signals : 741 on file
[13:53:26]   price overlays: rendered (11-16)
[13:53:26]   safety check  : FAIL - do NOT commit ABSTRACTED_DATA
[13:53:26] ============================================================
[15:40:38] ============================================================
[15:40:38] UPDATE DATA
[15:40:38]   window : 2026-07-08 -> LIVE (newest)
[15:40:38]   machine: EXTERNAL (raw store) (posts.parquet present)
[15:40:38]   path   : LIVE fast (incremental aggregates + 08/09/10)
[15:40:38]   fetch  : yes
[15:40:38] ============================================================
[15:40:41] RUN  C:\Python312\python.exe api_calls/fetch_all.py --no-merge --lookback-days 7 --max-credits 90
[15:52:53] merging live raw -> posts.parquet (close Jupyter first)
[15:52:53] RUN  C:\Python312\python.exe data_ingestion/scripts/merge_live.py
[15:54:10] live fast path: refreshing the aggregate tail from posts.parquet
[15:54:10] RUN  C:\Python312\python.exe data_ingestion/scripts/refresh_recent_aggregates.py
[15:55:11] --- DATA COVERAGE: posts per month | source = reddit ---
[15:55:11]   year     Jan    Feb    Mar    Apr    May    Jun    Jul    Aug    Sep    Oct    Nov    Dec
[15:55:11]   2008       .      .     31     15      1      8     18     25     35     55     66     61
[15:55:11]   2009      47     87     92     93     74     86    170    157    196     98     87    113
[15:55:11]   2010     107    103    135    241    290    180    204    203    261    236    254    306
[15:55:11]   2011     575    559    569    700   1.4k   2.8k   1.7k   1.8k   1.5k   1.7k   1.9k   2.1k
[15:55:11]   2012    3.0k   2.9k   3.1k   2.9k   3.3k   3.0k   3.3k   3.5k   3.0k   3.3k   3.3k   3.4k
[15:55:11]   2013    5.3k   5.8k  10.0k  19.3k  10.9k   7.8k   8.3k   8.7k   7.6k  12.0k  25.2k  24.9k
[15:55:11]   2014   21.9k  26.8k  26.2k  19.3k  19.4k  19.3k  20.6k  18.9k  19.4k  20.2k  20.3k  21.6k
[15:55:11]   2015   26.6k  22.3k  23.2k  22.0k  21.1k  21.8k  24.8k  23.9k  19.6k  21.1k  20.7k  20.9k
[15:55:11]   2016   27.1k  23.2k  23.5k  23.8k  23.4k  27.3k  25.5k  26.0k  23.9k  23.0k  24.7k  25.8k
[15:55:11]   2017   35.2k  32.0k  37.6k  31.2k  39.9k  42.1k  44.6k  54.4k  52.4k  59.3k  84.6k 117.0k
[15:55:11]   2018  116.0k  78.8k  67.7k  59.0k  59.4k  59.4k  60.3k  62.0k  55.9k  57.7k  49.6k  48.7k
[15:55:11]   2019   50.4k  41.4k  42.8k  44.5k  45.4k  47.0k  48.4k  48.9k  40.7k  41.3k  39.7k  37.0k
[15:55:11]   2020   49.3k  68.8k 107.2k  84.5k  84.0k  95.7k  84.2k  81.4k  70.5k  68.6k  82.9k 100.3k
[15:55:11]   2021  666.1k 586.1k 246.6k 174.4k 190.7k 196.6k 127.3k 142.7k 121.7k 127.4k 139.8k 113.6k
[15:55:11]   2022  116.6k  86.0k  80.6k  74.3k  78.0k  64.9k  59.0k  93.1k  64.5k  68.2k  69.6k  64.3k
[15:55:11]   2023   66.5k  61.2k  74.5k      1      .      .   1.5k   2.1k   1.2k   1.3k   1.3k   1.5k
[15:55:11]   2024    2.1k   3.5k   3.9k   2.8k   3.3k   2.8k   2.7k   2.9k   2.0k   2.1k   2.6k   2.3k
[15:55:11]   2025    2.4k   2.5k   2.5k   2.5k   2.1k   1.9k   2.4k   2.0k   1.8k   1.7k   1.4k   1.2k
[15:55:11]   2026       .      .     28     25     24    203   2.1k      .      .      .      .      .
[15:55:12] --- DATA COVERAGE: posts per month | source = stocktwits ---
[15:55:12]   year     Jan    Feb    Mar    Apr    May    Jun    Jul    Aug    Sep    Oct    Nov    Dec
[15:55:12]   2023       .      .      .      .      .      .      .      .      .      .      .      3
[15:55:12]   2024       .      .      .      .      .      .      .      4      .      1      2      1
[15:55:12]   2025       .      1      1      1      .      2      1      6      1      .      .      .
[15:55:12]   2026       .     11     13     40    106    383   3.5k      .      .      .      .      .
[15:55:12] --- DATA COVERAGE: posts per month | source = x ---
[15:55:12]   year     Jan    Feb    Mar    Apr    May    Jun    Jul    Aug    Sep    Oct    Nov    Dec
[15:55:12]   2015   25.3k  21.3k  21.0k  24.3k  15.1k  13.1k  26.3k  23.7k  16.8k  22.5k  14.0k  14.5k
[15:55:12]   2016   24.2k  18.8k  17.1k  26.2k  24.1k  18.4k  19.4k  14.4k  20.8k  21.2k  13.9k  12.9k
[15:55:12]   2017   17.0k  18.7k  15.0k  19.7k  21.8k  25.0k  23.6k  22.2k  19.2k  22.0k  22.5k  14.3k
[15:55:12]   2018   21.7k  22.6k  25.1k  31.5k  34.5k  35.2k  43.6k  69.8k  51.8k  58.0k  41.9k  39.8k
[15:55:12]   2019   51.6k  38.9k  53.7k  56.3k  50.9k  35.2k  39.4k  29.8k  32.5k  46.7k  37.7k  42.5k
[15:55:12]   2020       .      .      . 251.4k 112.6k 351.6k 208.0k      .      .      .      .      .
[15:55:12]   2021       .      .      .      .      .      .      .      .      .      .      .     71
[15:55:12]   2022    3.0k      .      .      .   4.5k  16.0k  16.2k  17.2k  10.1k  11.0k  11.0k   9.3k
[15:55:12]   2023   10.9k  16.5k  13.1k  12.7k  10.8k   3.5k   4.4k  10.7k    760   1.5k   6.1k   7.9k
[15:55:12]   2024       .   1.7k    620   7.3k   7.1k   9.2k  11.1k   6.9k   1.4k      .      .      .
[15:55:12]   2026       .      .      .      1      .      1   1.3k      .      .      .      .      .
[15:55:12] ('.' = NO data that month - a gap, not a quiet month)
[15:55:13] --- WINDOW CHECK: view 2026-07-08 -> 2026-07-14 | aggregates span 2017-01-01 -> 2026-07-14 ---
[15:55:13]   reddit     [OK] 565 mentions over 7 days (~100% of the window)
[15:55:13]   stocktwits [OK] 5,029 mentions over 7 days (~100% of the window)
[15:55:13]   x          [OK] 2,483 mentions over 7 days (~100% of the window)
[15:55:13] live: refreshing signal notebooks 08/09/10 off the aggregates
[15:55:13] running notebook 08_ticker_conviction (output streams below)
[15:55:13] RUN  C:\Python312\python.exe -m nbconvert --to notebook --execute c:\Users\alexd\Desktop\GIC\RetailFlow1\notebooks\08_ticker_conviction.ipynb --output 08_ticker_conviction.tmp.ipynb --output-dir c:\Users\alexd\Desktop\GIC\RetailFlow1\notebooks --ExecutePreprocessor.timeout=3600
[15:55:47] ok   08_ticker_conviction
[15:55:47] running notebook 09_theme_conviction (output streams below)
[15:55:47] RUN  C:\Python312\python.exe -m nbconvert --to notebook --execute c:\Users\alexd\Desktop\GIC\RetailFlow1\notebooks\09_theme_conviction.ipynb --output 09_theme_conviction.tmp.ipynb --output-dir c:\Users\alexd\Desktop\GIC\RetailFlow1\notebooks --ExecutePreprocessor.timeout=3600
[15:56:03] ok   09_theme_conviction
[15:56:03] running notebook 10_trading_signals (output streams below)
[15:56:03] RUN  C:\Python312\python.exe -m nbconvert --to notebook --execute c:\Users\alexd\Desktop\GIC\RetailFlow1\notebooks\10_trading_signals.ipynb --output 10_trading_signals.tmp.ipynb --output-dir c:\Users\alexd\Desktop\GIC\RetailFlow1\notebooks --ExecutePreprocessor.timeout=3600
[15:56:53] ok   10_trading_signals
[15:56:53] scanning for emerging terms (nothing the themes cover yet)
[15:56:53] RUN  C:\Python312\python.exe helper/find_emerging_terms.py --top 15 --promote
[15:57:43] snapshot -> c:\Users\alexd\Desktop\GIC\RetailFlow1\data\processed\signal_snapshots\2026-07-14_trade_signals.parquet
[15:57:43] snapshot -> c:\Users\alexd\Desktop\GIC\RetailFlow1\data\processed\signal_snapshots\2026-07-14_trade_signals_tickers.parquet
[15:57:43] pulling Bloomberg prices for the overlays (Terminal must be open)
[15:57:43] RUN  C:\Python312\python.exe pull_bloomberg_prices.py
[15:59:44] FAIL (see the output above)
[15:59:44] running notebook 11_overlay_ticker_mentions (output streams below)
[15:59:44] RUN  C:\Python312\python.exe -m nbconvert --to notebook --execute c:\Users\alexd\Desktop\GIC\RetailFlow1\notebooks\11_overlay_ticker_mentions.ipynb --output 11_overlay_ticker_mentions.tmp.ipynb --output-dir c:\Users\alexd\Desktop\GIC\RetailFlow1\notebooks --ExecutePreprocessor.timeout=1800
[15:59:56] ok   11_overlay_ticker_mentions
[15:59:56] running notebook 12_overlay_ticker_first_derivative (output streams below)
[15:59:56] RUN  C:\Python312\python.exe -m nbconvert --to notebook --execute c:\Users\alexd\Desktop\GIC\RetailFlow1\notebooks\12_overlay_ticker_first_derivative.ipynb --output 12_overlay_ticker_first_derivative.tmp.ipynb --output-dir c:\Users\alexd\Desktop\GIC\RetailFlow1\notebooks --ExecutePreprocessor.timeout=1800
[16:00:09] ok   12_overlay_ticker_first_derivative
[16:00:09] running notebook 13_overlay_theme_first_derivative (output streams below)
[16:00:09] RUN  C:\Python312\python.exe -m nbconvert --to notebook --execute c:\Users\alexd\Desktop\GIC\RetailFlow1\notebooks\13_overlay_theme_first_derivative.ipynb --output 13_overlay_theme_first_derivative.tmp.ipynb --output-dir c:\Users\alexd\Desktop\GIC\RetailFlow1\notebooks --ExecutePreprocessor.timeout=1800
[16:00:20] ok   13_overlay_theme_first_derivative
[16:00:20] running notebook 14_overlay_theme_conviction (output streams below)
[16:00:20] RUN  C:\Python312\python.exe -m nbconvert --to notebook --execute c:\Users\alexd\Desktop\GIC\RetailFlow1\notebooks\14_overlay_theme_conviction.ipynb --output 14_overlay_theme_conviction.tmp.ipynb --output-dir c:\Users\alexd\Desktop\GIC\RetailFlow1\notebooks --ExecutePreprocessor.timeout=1800
[16:00:31] ok   14_overlay_theme_conviction
[16:00:31] running notebook 15_overlay_trading_signals (output streams below)
[16:00:31] RUN  C:\Python312\python.exe -m nbconvert --to notebook --execute c:\Users\alexd\Desktop\GIC\RetailFlow1\notebooks\15_overlay_trading_signals.ipynb --output 15_overlay_trading_signals.tmp.ipynb --output-dir c:\Users\alexd\Desktop\GIC\RetailFlow1\notebooks --ExecutePreprocessor.timeout=1800
[16:00:39] ok   15_overlay_trading_signals
[16:00:39] running notebook 16_overlay_theme_trading_signals (output streams below)
[16:00:39] RUN  C:\Python312\python.exe -m nbconvert --to notebook --execute c:\Users\alexd\Desktop\GIC\RetailFlow1\notebooks\16_overlay_theme_trading_signals.ipynb --output 16_overlay_theme_trading_signals.tmp.ipynb --output-dir c:\Users\alexd\Desktop\GIC\RetailFlow1\notebooks --ExecutePreprocessor.timeout=1800
[16:00:47] ok   16_overlay_theme_trading_signals
[16:00:47] publishing aggregates -> ABSTRACTED_DATA
[16:00:47] safety check: ABSTRACTED_DATA is text-free?
[16:00:47]   daily_ticker_counts.parquet               1.63 MB | ['date', 'ticker', 'mention_count']
[16:00:47]   daily_ticker_counts_by_source.parquet     1.81 MB | ['date', 'ticker', 'source', 'mention_count']
[16:00:47]   daily_ticker_sentiment.parquet            5.17 MB | ['date', 'ticker', 'n_posts', 'avg_sentiment', 'net_bullish']
[16:00:47]   daily_theme_counts.parquet                0.18 MB | ['date', 'theme', 'mention_count']
[16:00:47]   daily_theme_sentiment.parquet             1.14 MB | ['date', 'theme', 'n_posts', 'avg_sentiment', 'net_bullish']
[16:00:47]   MISSING  daily_term_counts.parquet
[16:00:47] safety check: FAIL - do NOT commit
[16:00:47] 
[16:00:47] ============================================================
[16:00:47] RUN SUMMARY
[16:00:47]   window        : 2026-07-08 -> LIVE (newest)
[16:00:47]   machine/path  : EXTERNAL | LIVE fast (incremental aggregates + 08/09/10)
[16:00:49]   post store    : 10,828,919 posts total
[16:00:50]     reddit     newest 2026-07-14
[16:00:50]     stocktwits newest 2026-07-14
[16:00:50]     x          newest 2026-07-14
[16:00:50]   aggregates    : 2017-01-01 -> 2026-07-14
[16:00:50]   theme signals : 1005 on file
[16:00:50]   ticker signals : 741 on file
[16:00:50]   price overlays: rendered (11-16)
[16:00:50]   safety check  : FAIL - do NOT commit ABSTRACTED_DATA
[16:00:50] ============================================================
[17:12:23] ============================================================
[17:12:23] UPDATE DATA
[17:12:23]   window : 2021-01-08 -> 2022-02-28
[17:12:23]   machine: EXTERNAL (raw store) (posts.parquet present)
[17:12:23]   path   : BACKTEST view (re-render overlays only)
[17:12:23]   fetch  : no (backtest or --skip-fetch)
[17:12:23] ============================================================
[17:12:26] fetch skipped
[17:12:26] merging live raw -> posts.parquet (close Jupyter first)
[17:12:26] RUN  C:\Python312\python.exe data_ingestion/scripts/merge_live.py
[17:13:08] --- DATA COVERAGE: posts per month | source = reddit ---
[17:13:08]   year     Jan    Feb    Mar    Apr    May    Jun    Jul    Aug    Sep    Oct    Nov    Dec
[17:13:08]   2008       .      .     31     15      1      8     18     25     35     55     66     61
[17:13:08]   2009      47     87     92     93     74     86    170    157    196     98     87    113
[17:13:08]   2010     107    103    135    241    290    180    204    203    261    236    254    306
[17:13:08]   2011     575    559    569    700   1.4k   2.8k   1.7k   1.8k   1.5k   1.7k   1.9k   2.1k
[17:13:08]   2012    3.0k   2.9k   3.1k   2.9k   3.3k   3.0k   3.3k   3.5k   3.0k   3.3k   3.3k   3.4k
[17:13:08]   2013    5.3k   5.8k  10.0k  19.3k  10.9k   7.8k   8.3k   8.7k   7.6k  12.0k  25.2k  24.9k
[17:13:08]   2014   21.9k  26.8k  26.2k  19.3k  19.4k  19.3k  20.6k  18.9k  19.4k  20.2k  20.3k  21.6k
[17:13:08]   2015   26.6k  22.3k  23.2k  22.0k  21.1k  21.8k  24.8k  23.9k  19.6k  21.1k  20.7k  20.9k
[17:13:08]   2016   27.1k  23.2k  23.5k  23.8k  23.4k  27.3k  25.5k  26.0k  23.9k  23.0k  24.7k  25.8k
[17:13:08]   2017   35.2k  32.0k  37.6k  31.2k  39.9k  42.1k  44.6k  54.4k  52.4k  59.3k  84.6k 117.0k
[17:13:08]   2018  116.0k  78.8k  67.7k  59.0k  59.4k  59.4k  60.3k  62.0k  55.9k  57.7k  49.6k  48.7k
[17:13:08]   2019   50.4k  41.4k  42.8k  44.5k  45.4k  47.0k  48.4k  48.9k  40.7k  41.3k  39.7k  37.0k
[17:13:08]   2020   49.3k  68.8k 107.2k  84.5k  84.0k  95.7k  84.2k  81.4k  70.5k  68.6k  82.9k 100.3k
[17:13:08]   2021  666.1k 586.1k 246.6k 174.4k 190.7k 196.6k 127.3k 142.7k 121.7k 127.4k 139.8k 113.6k
[17:13:08]   2022  116.6k  86.0k  80.6k  74.3k  78.0k  64.9k  59.0k  93.1k  64.5k  68.2k  69.6k  64.3k
[17:13:08]   2023   66.5k  61.2k  74.5k      1      .      .   1.5k   2.1k   1.2k   1.3k   1.3k   1.5k
[17:13:08]   2024    2.1k   3.5k   3.9k   2.8k   3.3k   2.8k   2.7k   2.9k   2.0k   2.1k   2.6k   2.3k
[17:13:08]   2025    2.4k   2.5k   2.5k   2.5k   2.1k   1.9k   2.4k   2.0k   1.8k   1.7k   1.4k   1.2k
[17:13:08]   2026       .      .     28     25     24    203   2.1k      .      .      .      .      .
[17:13:09] --- DATA COVERAGE: posts per month | source = stocktwits ---
[17:13:09]   year     Jan    Feb    Mar    Apr    May    Jun    Jul    Aug    Sep    Oct    Nov    Dec
[17:13:09]   2023       .      .      .      .      .      .      .      .      .      .      .      3
[17:13:09]   2024       .      .      .      .      .      .      .      4      .      1      2      1
[17:13:09]   2025       .      1      1      1      .      2      1      6      1      .      .      .
[17:13:09]   2026       .     11     13     40    106    383   3.5k      .      .      .      .      .
[17:13:09] --- DATA COVERAGE: posts per month | source = x ---
[17:13:09]   year     Jan    Feb    Mar    Apr    May    Jun    Jul    Aug    Sep    Oct    Nov    Dec
[17:13:09]   2015   25.3k  21.3k  21.0k  24.3k  15.1k  13.1k  26.3k  23.7k  16.8k  22.5k  14.0k  14.5k
[17:13:09]   2016   24.2k  18.8k  17.1k  26.2k  24.1k  18.4k  19.4k  14.4k  20.8k  21.2k  13.9k  12.9k
[17:13:09]   2017   17.0k  18.7k  15.0k  19.7k  21.8k  25.0k  23.6k  22.2k  19.2k  22.0k  22.5k  14.3k
[17:13:09]   2018   21.7k  22.6k  25.1k  31.5k  34.5k  35.2k  43.6k  69.8k  51.8k  58.0k  41.9k  39.8k
[17:13:09]   2019   51.6k  38.9k  53.7k  56.3k  50.9k  35.2k  39.4k  29.8k  32.5k  46.7k  37.7k  42.5k
[17:13:09]   2020       .      .      . 251.4k 112.6k 351.6k 208.0k      .      .      .      .      .
[17:13:09]   2021       .      .      .      .      .      .      .      .      .      .      .     71
[17:13:09]   2022    3.0k      .      .      .   4.5k  16.0k  16.2k  17.2k  10.1k  11.0k  11.0k   9.3k
[17:13:09]   2023   10.9k  16.5k  13.1k  12.7k  10.8k   3.5k   4.4k  10.7k    760   1.5k   6.1k   7.9k
[17:13:09]   2024       .   1.7k    620   7.3k   7.1k   9.2k  11.1k   6.9k   1.4k      .      .      .
[17:13:09]   2026       .      .      .      1      .      1   1.3k      .      .      .      .      .
[17:13:09] ('.' = NO data that month - a gap, not a quiet month)
[17:13:10] --- WINDOW CHECK: view 2021-01-08 -> 2022-02-28 | aggregates span 2017-01-01 -> 2026-07-14 ---
[17:13:10]   reddit     [OK] 318,315 mentions over 417 days (~100% of the window)
[17:13:10]   stocktwits [NO DATA in window] this source spans 2023-12-03 -> 2026-07-14
[17:13:10]   x          [OK] 1,183 mentions over 6 days (~1% of the window)
[17:13:10] backtest: aggregates + signals are up to date - only re-rendering the overlays for 2021-01-08 -> 2022-02-28
[17:13:10] snapshot -> c:\Users\alexd\Desktop\GIC\RetailFlow1\data\processed\signal_snapshots\2026-07-14_trade_signals.parquet
[17:13:10] snapshot -> c:\Users\alexd\Desktop\GIC\RetailFlow1\data\processed\signal_snapshots\2026-07-14_trade_signals_tickers.parquet
[17:13:10] pulling Bloomberg prices for the overlays (Terminal must be open)
[17:13:10] RUN  C:\Python312\python.exe pull_bloomberg_prices.py
[17:13:32] running notebook 11_overlay_ticker_mentions (output streams below)
[17:13:32] RUN  C:\Python312\python.exe -m nbconvert --to notebook --execute c:\Users\alexd\Desktop\GIC\RetailFlow1\notebooks\11_overlay_ticker_mentions.ipynb --output 11_overlay_ticker_mentions.tmp.ipynb --output-dir c:\Users\alexd\Desktop\GIC\RetailFlow1\notebooks --ExecutePreprocessor.timeout=1800
[17:13:42] ok   11_overlay_ticker_mentions
[17:13:42] running notebook 12_overlay_ticker_first_derivative (output streams below)
[17:13:42] RUN  C:\Python312\python.exe -m nbconvert --to notebook --execute c:\Users\alexd\Desktop\GIC\RetailFlow1\notebooks\12_overlay_ticker_first_derivative.ipynb --output 12_overlay_ticker_first_derivative.tmp.ipynb --output-dir c:\Users\alexd\Desktop\GIC\RetailFlow1\notebooks --ExecutePreprocessor.timeout=1800
[17:13:59] ok   12_overlay_ticker_first_derivative
[17:13:59] running notebook 13_overlay_theme_first_derivative (output streams below)
[17:13:59] RUN  C:\Python312\python.exe -m nbconvert --to notebook --execute c:\Users\alexd\Desktop\GIC\RetailFlow1\notebooks\13_overlay_theme_first_derivative.ipynb --output 13_overlay_theme_first_derivative.tmp.ipynb --output-dir c:\Users\alexd\Desktop\GIC\RetailFlow1\notebooks --ExecutePreprocessor.timeout=1800
[17:14:10] ok   13_overlay_theme_first_derivative
[17:14:10] running notebook 14_overlay_theme_conviction (output streams below)
[17:14:10] RUN  C:\Python312\python.exe -m nbconvert --to notebook --execute c:\Users\alexd\Desktop\GIC\RetailFlow1\notebooks\14_overlay_theme_conviction.ipynb --output 14_overlay_theme_conviction.tmp.ipynb --output-dir c:\Users\alexd\Desktop\GIC\RetailFlow1\notebooks --ExecutePreprocessor.timeout=1800
[17:14:21] ok   14_overlay_theme_conviction
[17:14:21] running notebook 15_overlay_trading_signals (output streams below)
[17:14:21] RUN  C:\Python312\python.exe -m nbconvert --to notebook --execute c:\Users\alexd\Desktop\GIC\RetailFlow1\notebooks\15_overlay_trading_signals.ipynb --output 15_overlay_trading_signals.tmp.ipynb --output-dir c:\Users\alexd\Desktop\GIC\RetailFlow1\notebooks --ExecutePreprocessor.timeout=1800
[17:14:31] ok   15_overlay_trading_signals
[17:14:31] running notebook 16_overlay_theme_trading_signals (output streams below)
[17:14:31] RUN  C:\Python312\python.exe -m nbconvert --to notebook --execute c:\Users\alexd\Desktop\GIC\RetailFlow1\notebooks\16_overlay_theme_trading_signals.ipynb --output 16_overlay_theme_trading_signals.tmp.ipynb --output-dir c:\Users\alexd\Desktop\GIC\RetailFlow1\notebooks --ExecutePreprocessor.timeout=1800
[17:14:41] ok   16_overlay_theme_trading_signals
[17:14:41] backtest view: nothing rebuilt, nothing published
[17:14:41] safety check: ABSTRACTED_DATA is text-free?
[17:14:41]   daily_ticker_counts.parquet               1.63 MB | ['date', 'ticker', 'mention_count']
[17:14:41]   daily_ticker_counts_by_source.parquet     1.81 MB | ['date', 'ticker', 'source', 'mention_count']
[17:14:41]   daily_ticker_sentiment.parquet            5.17 MB | ['date', 'ticker', 'n_posts', 'avg_sentiment', 'net_bullish']
[17:14:41]   daily_theme_counts.parquet                0.18 MB | ['date', 'theme', 'mention_count']
[17:14:41]   daily_theme_sentiment.parquet             1.14 MB | ['date', 'theme', 'n_posts', 'avg_sentiment', 'net_bullish']
[17:14:41]   MISSING  daily_term_counts.parquet
[17:14:41] safety check: FAIL - do NOT commit
[17:14:41] 
[17:14:41] ============================================================
[17:14:41] RUN SUMMARY
[17:14:41]   window        : 2021-01-08 -> 2022-02-28
[17:14:41]   machine/path  : EXTERNAL | BACKTEST view (re-render overlays only)
[17:14:42]   post store    : 10,828,919 posts total
[17:14:43]     reddit     newest 2026-07-14
[17:14:43]     stocktwits newest 2026-07-14
[17:14:43]     x          newest 2026-07-14
[17:14:43]   aggregates    : 2017-01-01 -> 2026-07-14
[17:14:43]   theme signals : 1005 on file
[17:14:43]   ticker signals : 741 on file
[17:14:43]   price overlays: rendered (11-16)
[17:14:43]   safety check  : FAIL - do NOT commit ABSTRACTED_DATA
[17:14:43] ============================================================
[17:15:50] ============================================================
[17:15:50] UPDATE DATA
[17:15:50]   window : 2021-01-08 -> 2022-02-28
[17:15:50]   machine: EXTERNAL (raw store) (posts.parquet present)
[17:15:50]   path   : BACKTEST view (re-render overlays only)
[17:15:50]   fetch  : no (backtest or --skip-fetch)
[17:15:50] ============================================================
[17:15:53] fetch skipped
[17:15:53] merging live raw -> posts.parquet (close Jupyter first)
[17:15:53] RUN  C:\Python312\python.exe data_ingestion/scripts/merge_live.py
[17:16:27] --- DATA COVERAGE: posts per month | source = reddit ---
[17:16:27]   year     Jan    Feb    Mar    Apr    May    Jun    Jul    Aug    Sep    Oct    Nov    Dec
[17:16:27]   2008       .      .     31     15      1      8     18     25     35     55     66     61
[17:16:27]   2009      47     87     92     93     74     86    170    157    196     98     87    113
[17:16:27]   2010     107    103    135    241    290    180    204    203    261    236    254    306
[17:16:27]   2011     575    559    569    700   1.4k   2.8k   1.7k   1.8k   1.5k   1.7k   1.9k   2.1k
[17:16:27]   2012    3.0k   2.9k   3.1k   2.9k   3.3k   3.0k   3.3k   3.5k   3.0k   3.3k   3.3k   3.4k
[17:16:27]   2013    5.3k   5.8k  10.0k  19.3k  10.9k   7.8k   8.3k   8.7k   7.6k  12.0k  25.2k  24.9k
[17:16:27]   2014   21.9k  26.8k  26.2k  19.3k  19.4k  19.3k  20.6k  18.9k  19.4k  20.2k  20.3k  21.6k
[17:16:27]   2015   26.6k  22.3k  23.2k  22.0k  21.1k  21.8k  24.8k  23.9k  19.6k  21.1k  20.7k  20.9k
[17:16:27]   2016   27.1k  23.2k  23.5k  23.8k  23.4k  27.3k  25.5k  26.0k  23.9k  23.0k  24.7k  25.8k
[17:16:27]   2017   35.2k  32.0k  37.6k  31.2k  39.9k  42.1k  44.6k  54.4k  52.4k  59.3k  84.6k 117.0k
[17:16:27]   2018  116.0k  78.8k  67.7k  59.0k  59.4k  59.4k  60.3k  62.0k  55.9k  57.7k  49.6k  48.7k
[17:16:27]   2019   50.4k  41.4k  42.8k  44.5k  45.4k  47.0k  48.4k  48.9k  40.7k  41.3k  39.7k  37.0k
[17:16:27]   2020   49.3k  68.8k 107.2k  84.5k  84.0k  95.7k  84.2k  81.4k  70.5k  68.6k  82.9k 100.3k
[17:16:27]   2021  666.1k 586.1k 246.6k 174.4k 190.7k 196.6k 127.3k 142.7k 121.7k 127.4k 139.8k 113.6k
[17:16:27]   2022  116.6k  86.0k  80.6k  74.3k  78.0k  64.9k  59.0k  93.1k  64.5k  68.2k  69.6k  64.3k
[17:16:27]   2023   66.5k  61.2k  74.5k      1      .      .   1.5k   2.1k   1.2k   1.3k   1.3k   1.5k
[17:16:27]   2024    2.1k   3.5k   3.9k   2.8k   3.3k   2.8k   2.7k   2.9k   2.0k   2.1k   2.6k   2.3k
[17:16:27]   2025    2.4k   2.5k   2.5k   2.5k   2.1k   1.9k   2.4k   2.0k   1.8k   1.7k   1.4k   1.2k
[17:16:27]   2026       .      .     28     25     24    203   2.1k      .      .      .      .      .
[17:16:28] --- DATA COVERAGE: posts per month | source = stocktwits ---
[17:16:28]   year     Jan    Feb    Mar    Apr    May    Jun    Jul    Aug    Sep    Oct    Nov    Dec
[17:16:28]   2023       .      .      .      .      .      .      .      .      .      .      .      3
[17:16:28]   2024       .      .      .      .      .      .      .      4      .      1      2      1
[17:16:28]   2025       .      1      1      1      .      2      1      6      1      .      .      .
[17:16:28]   2026       .     11     13     40    106    383   3.5k      .      .      .      .      .
[17:16:28] --- DATA COVERAGE: posts per month | source = x ---
[17:16:28]   year     Jan    Feb    Mar    Apr    May    Jun    Jul    Aug    Sep    Oct    Nov    Dec
[17:16:28]   2015   25.3k  21.3k  21.0k  24.3k  15.1k  13.1k  26.3k  23.7k  16.8k  22.5k  14.0k  14.5k
[17:16:28]   2016   24.2k  18.8k  17.1k  26.2k  24.1k  18.4k  19.4k  14.4k  20.8k  21.2k  13.9k  12.9k
[17:16:28]   2017   17.0k  18.7k  15.0k  19.7k  21.8k  25.0k  23.6k  22.2k  19.2k  22.0k  22.5k  14.3k
[17:16:28]   2018   21.7k  22.6k  25.1k  31.5k  34.5k  35.2k  43.6k  69.8k  51.8k  58.0k  41.9k  39.8k
[17:16:28]   2019   51.6k  38.9k  53.7k  56.3k  50.9k  35.2k  39.4k  29.8k  32.5k  46.7k  37.7k  42.5k
[17:16:28]   2020       .      .      . 251.4k 112.6k 351.6k 208.0k      .      .      .      .      .
[17:16:28]   2021       .      .      .      .      .      .      .      .      .      .      .     71
[17:16:28]   2022    3.0k      .      .      .   4.5k  16.0k  16.2k  17.2k  10.1k  11.0k  11.0k   9.3k
[17:16:28]   2023   10.9k  16.5k  13.1k  12.7k  10.8k   3.5k   4.4k  10.7k    760   1.5k   6.1k   7.9k
[17:16:28]   2024       .   1.7k    620   7.3k   7.1k   9.2k  11.1k   6.9k   1.4k      .      .      .
[17:16:28]   2026       .      .      .      1      .      1   1.3k      .      .      .      .      .
[17:16:28] ('.' = NO data that month - a gap, not a quiet month)
[17:16:29] --- WINDOW CHECK: view 2021-01-08 -> 2022-02-28 | aggregates span 2017-01-01 -> 2026-07-14 ---
[17:16:29]   reddit     [OK] 318,315 mentions over 417 days (~100% of the window)
[17:16:29]   stocktwits [NO DATA in window] this source spans 2023-12-03 -> 2026-07-14
[17:16:29]   x          [OK] 1,183 mentions over 6 days (~1% of the window)
[17:16:29] backtest: aggregates + signals are up to date - only re-rendering the overlays for 2021-01-08 -> 2022-02-28
[17:16:29] snapshot -> c:\Users\alexd\Desktop\GIC\RetailFlow1\data\processed\signal_snapshots\2026-07-14_trade_signals.parquet
[17:16:29] snapshot -> c:\Users\alexd\Desktop\GIC\RetailFlow1\data\processed\signal_snapshots\2026-07-14_trade_signals_tickers.parquet
[17:16:29] pulling Bloomberg prices for the overlays (Terminal must be open)
[17:16:29] RUN  C:\Python312\python.exe pull_bloomberg_prices.py
[17:16:46] running notebook 11_overlay_ticker_mentions (output streams below)
[17:16:46] RUN  C:\Python312\python.exe -m nbconvert --to notebook --execute c:\Users\alexd\Desktop\GIC\RetailFlow1\notebooks\11_overlay_ticker_mentions.ipynb --output 11_overlay_ticker_mentions.tmp.ipynb --output-dir c:\Users\alexd\Desktop\GIC\RetailFlow1\notebooks --ExecutePreprocessor.timeout=1800
[17:16:56] ok   11_overlay_ticker_mentions
[17:16:56] running notebook 12_overlay_ticker_first_derivative (output streams below)
[17:16:56] RUN  C:\Python312\python.exe -m nbconvert --to notebook --execute c:\Users\alexd\Desktop\GIC\RetailFlow1\notebooks\12_overlay_ticker_first_derivative.ipynb --output 12_overlay_ticker_first_derivative.tmp.ipynb --output-dir c:\Users\alexd\Desktop\GIC\RetailFlow1\notebooks --ExecutePreprocessor.timeout=1800
[17:17:14] ok   12_overlay_ticker_first_derivative
[17:17:14] running notebook 13_overlay_theme_first_derivative (output streams below)
[17:17:14] RUN  C:\Python312\python.exe -m nbconvert --to notebook --execute c:\Users\alexd\Desktop\GIC\RetailFlow1\notebooks\13_overlay_theme_first_derivative.ipynb --output 13_overlay_theme_first_derivative.tmp.ipynb --output-dir c:\Users\alexd\Desktop\GIC\RetailFlow1\notebooks --ExecutePreprocessor.timeout=1800
[17:17:25] ok   13_overlay_theme_first_derivative
[17:17:25] running notebook 14_overlay_theme_conviction (output streams below)
[17:17:25] RUN  C:\Python312\python.exe -m nbconvert --to notebook --execute c:\Users\alexd\Desktop\GIC\RetailFlow1\notebooks\14_overlay_theme_conviction.ipynb --output 14_overlay_theme_conviction.tmp.ipynb --output-dir c:\Users\alexd\Desktop\GIC\RetailFlow1\notebooks --ExecutePreprocessor.timeout=1800
[17:17:36] ok   14_overlay_theme_conviction
[17:17:36] running notebook 15_overlay_trading_signals (output streams below)
[17:17:36] RUN  C:\Python312\python.exe -m nbconvert --to notebook --execute c:\Users\alexd\Desktop\GIC\RetailFlow1\notebooks\15_overlay_trading_signals.ipynb --output 15_overlay_trading_signals.tmp.ipynb --output-dir c:\Users\alexd\Desktop\GIC\RetailFlow1\notebooks --ExecutePreprocessor.timeout=1800
[17:17:47] ok   15_overlay_trading_signals
[17:17:47] running notebook 16_overlay_theme_trading_signals (output streams below)
[17:17:47] RUN  C:\Python312\python.exe -m nbconvert --to notebook --execute c:\Users\alexd\Desktop\GIC\RetailFlow1\notebooks\16_overlay_theme_trading_signals.ipynb --output 16_overlay_theme_trading_signals.tmp.ipynb --output-dir c:\Users\alexd\Desktop\GIC\RetailFlow1\notebooks --ExecutePreprocessor.timeout=1800
[17:17:57] ok   16_overlay_theme_trading_signals
[17:17:57] backtest view: nothing rebuilt, nothing published
[17:17:57] safety check: ABSTRACTED_DATA is text-free?
[17:17:57]   daily_ticker_counts.parquet               1.63 MB | ['date', 'ticker', 'mention_count']
[17:17:57]   daily_ticker_counts_by_source.parquet     1.81 MB | ['date', 'ticker', 'source', 'mention_count']
[17:17:57]   daily_ticker_sentiment.parquet            5.17 MB | ['date', 'ticker', 'n_posts', 'avg_sentiment', 'net_bullish']
[17:17:57]   daily_theme_counts.parquet                0.18 MB | ['date', 'theme', 'mention_count']
[17:17:57]   daily_theme_sentiment.parquet             1.14 MB | ['date', 'theme', 'n_posts', 'avg_sentiment', 'net_bullish']
[17:17:57]   MISSING  daily_term_counts.parquet
[17:17:57] safety check: FAIL - do NOT commit
[17:17:57] 
[17:17:57] ============================================================
[17:17:57] RUN SUMMARY
[17:17:57]   window        : 2021-01-08 -> 2022-02-28
[17:17:57]   machine/path  : EXTERNAL | BACKTEST view (re-render overlays only)
[17:17:59]   post store    : 10,828,919 posts total
[17:18:00]     reddit     newest 2026-07-14
[17:18:00]     stocktwits newest 2026-07-14
[17:18:00]     x          newest 2026-07-14
[17:18:00]   aggregates    : 2017-01-01 -> 2026-07-14
[17:18:00]   theme signals : 1005 on file
[17:18:00]   ticker signals : 741 on file
[17:18:00]   price overlays: rendered (11-16)
[17:18:00]   safety check  : FAIL - do NOT commit ABSTRACTED_DATA
[17:18:00] ============================================================
[17:23:33] ============================================================
[17:23:33] UPDATE DATA
[17:23:33]   window : 2021-01-08 -> 2022-02-28
[17:23:33]   machine: EXTERNAL (raw store) (posts.parquet present)
[17:23:33]   path   : BACKTEST view (re-render overlays only)
[17:23:33]   fetch  : no (backtest or --skip-fetch)
[17:23:33] ============================================================
[17:23:37] fetch skipped
[17:23:37] merging live raw -> posts.parquet (close Jupyter first)
[17:23:37] RUN  C:\Python312\python.exe data_ingestion/scripts/merge_live.py
[17:24:13] --- DATA COVERAGE: posts per month | source = reddit ---
[17:24:13]   year     Jan    Feb    Mar    Apr    May    Jun    Jul    Aug    Sep    Oct    Nov    Dec
[17:24:14]   2008       .      .     31     15      1      8     18     25     35     55     66     61
[17:24:14]   2009      47     87     92     93     74     86    170    157    196     98     87    113
[17:24:14]   2010     107    103    135    241    290    180    204    203    261    236    254    306
[17:24:14]   2011     575    559    569    700   1.4k   2.8k   1.7k   1.8k   1.5k   1.7k   1.9k   2.1k
[17:24:14]   2012    3.0k   2.9k   3.1k   2.9k   3.3k   3.0k   3.3k   3.5k   3.0k   3.3k   3.3k   3.4k
[17:24:14]   2013    5.3k   5.8k  10.0k  19.3k  10.9k   7.8k   8.3k   8.7k   7.6k  12.0k  25.2k  24.9k
[17:24:14]   2014   21.9k  26.8k  26.2k  19.3k  19.4k  19.3k  20.6k  18.9k  19.4k  20.2k  20.3k  21.6k
[17:24:14]   2015   26.6k  22.3k  23.2k  22.0k  21.1k  21.8k  24.8k  23.9k  19.6k  21.1k  20.7k  20.9k
[17:24:14]   2016   27.1k  23.2k  23.5k  23.8k  23.4k  27.3k  25.5k  26.0k  23.9k  23.0k  24.7k  25.8k
[17:24:14]   2017   35.2k  32.0k  37.6k  31.2k  39.9k  42.1k  44.6k  54.4k  52.4k  59.3k  84.6k 117.0k
[17:24:14]   2018  116.0k  78.8k  67.7k  59.0k  59.4k  59.4k  60.3k  62.0k  55.9k  57.7k  49.6k  48.7k
[17:24:14]   2019   50.4k  41.4k  42.8k  44.5k  45.4k  47.0k  48.4k  48.9k  40.7k  41.3k  39.7k  37.0k
[17:24:14]   2020   49.3k  68.8k 107.2k  84.5k  84.0k  95.7k  84.2k  81.4k  70.5k  68.6k  82.9k 100.3k
[17:24:14]   2021  666.1k 586.1k 246.6k 174.4k 190.7k 196.6k 127.3k 142.7k 121.7k 127.4k 139.8k 113.6k
[17:24:14]   2022  116.6k  86.0k  80.6k  74.3k  78.0k  64.9k  59.0k  93.1k  64.5k  68.2k  69.6k  64.3k
[17:24:14]   2023   66.5k  61.2k  74.5k      1      .      .   1.5k   2.1k   1.2k   1.3k   1.3k   1.5k
[17:24:14]   2024    2.1k   3.5k   3.9k   2.8k   3.3k   2.8k   2.7k   2.9k   2.0k   2.1k   2.6k   2.3k
[17:24:14]   2025    2.4k   2.5k   2.5k   2.5k   2.1k   1.9k   2.4k   2.0k   1.8k   1.7k   1.4k   1.2k
[17:24:14]   2026       .      .     28     25     24    203   2.1k      .      .      .      .      .
[17:24:14] --- DATA COVERAGE: posts per month | source = stocktwits ---
[17:24:14]   year     Jan    Feb    Mar    Apr    May    Jun    Jul    Aug    Sep    Oct    Nov    Dec
[17:24:14]   2023       .      .      .      .      .      .      .      .      .      .      .      3
[17:24:14]   2024       .      .      .      .      .      .      .      4      .      1      2      1
[17:24:14]   2025       .      1      1      1      .      2      1      6      1      .      .      .
[17:24:14]   2026       .     11     13     40    106    383   3.5k      .      .      .      .      .
[17:24:15] --- DATA COVERAGE: posts per month | source = x ---
[17:24:15]   year     Jan    Feb    Mar    Apr    May    Jun    Jul    Aug    Sep    Oct    Nov    Dec
[17:24:15]   2015   25.3k  21.3k  21.0k  24.3k  15.1k  13.1k  26.3k  23.7k  16.8k  22.5k  14.0k  14.5k
[17:24:15]   2016   24.2k  18.8k  17.1k  26.2k  24.1k  18.4k  19.4k  14.4k  20.8k  21.2k  13.9k  12.9k
[17:24:15]   2017   17.0k  18.7k  15.0k  19.7k  21.8k  25.0k  23.6k  22.2k  19.2k  22.0k  22.5k  14.3k
[17:24:15]   2018   21.7k  22.6k  25.1k  31.5k  34.5k  35.2k  43.6k  69.8k  51.8k  58.0k  41.9k  39.8k
[17:24:15]   2019   51.6k  38.9k  53.7k  56.3k  50.9k  35.2k  39.4k  29.8k  32.5k  46.7k  37.7k  42.5k
[17:24:15]   2020       .      .      . 251.4k 112.6k 351.6k 208.0k      .      .      .      .      .
[17:24:15]   2021       .      .      .      .      .      .      .      .      .      .      .     71
[17:24:15]   2022    3.0k      .      .      .   4.5k  16.0k  16.2k  17.2k  10.1k  11.0k  11.0k   9.3k
[17:24:15]   2023   10.9k  16.5k  13.1k  12.7k  10.8k   3.5k   4.4k  10.7k    760   1.5k   6.1k   7.9k
[17:24:15]   2024       .   1.7k    620   7.3k   7.1k   9.2k  11.1k   6.9k   1.4k      .      .      .
[17:24:15]   2026       .      .      .      1      .      1   1.3k      .      .      .      .      .
[17:24:15] ('.' = NO data that month - a gap, not a quiet month)
[17:24:15] --- WINDOW CHECK: view 2021-01-08 -> 2022-02-28 | aggregates span 2017-01-01 -> 2026-07-14 ---
[17:24:15]   reddit     [OK] 318,315 mentions over 417 days (~100% of the window)
[17:24:15]   stocktwits [NO DATA in window] this source spans 2023-12-03 -> 2026-07-14
[17:24:15]   x          [OK] 1,183 mentions over 6 days (~1% of the window)
[17:24:15] backtest: aggregates + signals are up to date - only re-rendering the overlays for 2021-01-08 -> 2022-02-28
[17:24:15] snapshot -> c:\Users\alexd\Desktop\GIC\RetailFlow1\data\processed\signal_snapshots\2026-07-14_trade_signals.parquet
[17:24:15] snapshot -> c:\Users\alexd\Desktop\GIC\RetailFlow1\data\processed\signal_snapshots\2026-07-14_trade_signals_tickers.parquet
[17:24:15] pulling Bloomberg prices for the overlays (Terminal must be open)
[17:24:15] RUN  C:\Python312\python.exe pull_bloomberg_prices.py
[17:24:27] running notebook 11_overlay_ticker_mentions (output streams below)
[17:24:27] RUN  C:\Python312\python.exe -m nbconvert --to notebook --execute c:\Users\alexd\Desktop\GIC\RetailFlow1\notebooks\11_overlay_ticker_mentions.ipynb --output 11_overlay_ticker_mentions.tmp.ipynb --output-dir c:\Users\alexd\Desktop\GIC\RetailFlow1\notebooks --ExecutePreprocessor.timeout=1800
[17:24:42] ok   11_overlay_ticker_mentions
[17:24:42] running notebook 12_overlay_ticker_first_derivative (output streams below)
[17:24:42] RUN  C:\Python312\python.exe -m nbconvert --to notebook --execute c:\Users\alexd\Desktop\GIC\RetailFlow1\notebooks\12_overlay_ticker_first_derivative.ipynb --output 12_overlay_ticker_first_derivative.tmp.ipynb --output-dir c:\Users\alexd\Desktop\GIC\RetailFlow1\notebooks --ExecutePreprocessor.timeout=1800
[17:25:21] ok   12_overlay_ticker_first_derivative
[17:25:21] running notebook 13_overlay_theme_first_derivative (output streams below)
[17:25:21] RUN  C:\Python312\python.exe -m nbconvert --to notebook --execute c:\Users\alexd\Desktop\GIC\RetailFlow1\notebooks\13_overlay_theme_first_derivative.ipynb --output 13_overlay_theme_first_derivative.tmp.ipynb --output-dir c:\Users\alexd\Desktop\GIC\RetailFlow1\notebooks --ExecutePreprocessor.timeout=1800
[17:25:37] ok   13_overlay_theme_first_derivative
[17:25:37] running notebook 14_overlay_theme_conviction (output streams below)
[17:25:37] RUN  C:\Python312\python.exe -m nbconvert --to notebook --execute c:\Users\alexd\Desktop\GIC\RetailFlow1\notebooks\14_overlay_theme_conviction.ipynb --output 14_overlay_theme_conviction.tmp.ipynb --output-dir c:\Users\alexd\Desktop\GIC\RetailFlow1\notebooks --ExecutePreprocessor.timeout=1800
[17:25:56] ok   14_overlay_theme_conviction
[17:25:56] running notebook 15_overlay_trading_signals (output streams below)
[17:25:56] RUN  C:\Python312\python.exe -m nbconvert --to notebook --execute c:\Users\alexd\Desktop\GIC\RetailFlow1\notebooks\15_overlay_trading_signals.ipynb --output 15_overlay_trading_signals.tmp.ipynb --output-dir c:\Users\alexd\Desktop\GIC\RetailFlow1\notebooks --ExecutePreprocessor.timeout=1800
[17:26:13] ok   15_overlay_trading_signals
[17:26:13] running notebook 16_overlay_theme_trading_signals (output streams below)
[17:26:13] RUN  C:\Python312\python.exe -m nbconvert --to notebook --execute c:\Users\alexd\Desktop\GIC\RetailFlow1\notebooks\16_overlay_theme_trading_signals.ipynb --output 16_overlay_theme_trading_signals.tmp.ipynb --output-dir c:\Users\alexd\Desktop\GIC\RetailFlow1\notebooks --ExecutePreprocessor.timeout=1800
[17:26:30] ok   16_overlay_theme_trading_signals
[17:26:30] backtest view: nothing rebuilt, nothing published
[17:26:30] safety check: ABSTRACTED_DATA is text-free?
[17:26:30]   daily_ticker_counts.parquet               1.63 MB | ['date', 'ticker', 'mention_count']
[17:26:30]   daily_ticker_counts_by_source.parquet     1.81 MB | ['date', 'ticker', 'source', 'mention_count']
[17:26:30]   daily_ticker_sentiment.parquet            5.17 MB | ['date', 'ticker', 'n_posts', 'avg_sentiment', 'net_bullish']
[17:26:30]   daily_theme_counts.parquet                0.18 MB | ['date', 'theme', 'mention_count']
[17:26:30]   daily_theme_sentiment.parquet             1.14 MB | ['date', 'theme', 'n_posts', 'avg_sentiment', 'net_bullish']
[17:26:30]   daily_term_counts.parquet                 0.12 MB | ['date', 'term', 'mention_count']
[17:26:30] safety check: PASS - safe to commit
[17:26:30] 
[17:26:30] ============================================================
[17:26:30] RUN SUMMARY
[17:26:30]   window        : 2021-01-08 -> 2022-02-28
[17:26:30]   machine/path  : EXTERNAL | BACKTEST view (re-render overlays only)
[17:26:33]   post store    : 10,828,919 posts total
[17:26:36]     reddit     newest 2026-07-14
[17:26:36]     stocktwits newest 2026-07-14
[17:26:36]     x          newest 2026-07-14
[17:26:36]   aggregates    : 2017-01-01 -> 2026-07-14
[17:26:36]   theme signals : 1005 on file
[17:26:36]   ticker signals : 741 on file
[17:26:36]   price overlays: rendered (11-16)
[17:26:36]   safety check  : PASS
[17:26:36] ============================================================
[17:35:05] ============================================================
[17:35:05] UPDATE DATA
[17:35:05]   window : 2022-01-08 -> 2023-02-28
[17:35:05]   machine: EXTERNAL (raw store) (posts.parquet present)
[17:35:05]   path   : BACKTEST view (re-render overlays only)
[17:35:05]   fetch  : no (backtest or --skip-fetch)
[17:35:05] ============================================================
[17:35:08] fetch skipped
[17:35:08] merging live raw -> posts.parquet (close Jupyter first)
[17:35:08] RUN  C:\Python312\python.exe data_ingestion/scripts/merge_live.py
[17:35:45] --- DATA COVERAGE: posts per month | source = reddit ---
[17:35:45]   year     Jan    Feb    Mar    Apr    May    Jun    Jul    Aug    Sep    Oct    Nov    Dec
[17:35:45]   2008       .      .     31     15      1      8     18     25     35     55     66     61
[17:35:45]   2009      47     87     92     93     74     86    170    157    196     98     87    113
[17:35:45]   2010     107    103    135    241    290    180    204    203    261    236    254    306
[17:35:45]   2011     575    559    569    700   1.4k   2.8k   1.7k   1.8k   1.5k   1.7k   1.9k   2.1k
[17:35:45]   2012    3.0k   2.9k   3.1k   2.9k   3.3k   3.0k   3.3k   3.5k   3.0k   3.3k   3.3k   3.4k
[17:35:45]   2013    5.3k   5.8k  10.0k  19.3k  10.9k   7.8k   8.3k   8.7k   7.6k  12.0k  25.2k  24.9k
[17:35:45]   2014   21.9k  26.8k  26.2k  19.3k  19.4k  19.3k  20.6k  18.9k  19.4k  20.2k  20.3k  21.6k
[17:35:45]   2015   26.6k  22.3k  23.2k  22.0k  21.1k  21.8k  24.8k  23.9k  19.6k  21.1k  20.7k  20.9k
[17:35:45]   2016   27.1k  23.2k  23.5k  23.8k  23.4k  27.3k  25.5k  26.0k  23.9k  23.0k  24.7k  25.8k
[17:35:45]   2017   35.2k  32.0k  37.6k  31.2k  39.9k  42.1k  44.6k  54.4k  52.4k  59.3k  84.6k 117.0k
[17:35:45]   2018  116.0k  78.8k  67.7k  59.0k  59.4k  59.4k  60.3k  62.0k  55.9k  57.7k  49.6k  48.7k
[17:35:45]   2019   50.4k  41.4k  42.8k  44.5k  45.4k  47.0k  48.4k  48.9k  40.7k  41.3k  39.7k  37.0k
[17:35:45]   2020   49.3k  68.8k 107.2k  84.5k  84.0k  95.7k  84.2k  81.4k  70.5k  68.6k  82.9k 100.3k
[17:35:45]   2021  666.1k 586.1k 246.6k 174.4k 190.7k 196.6k 127.3k 142.7k 121.7k 127.4k 139.8k 113.6k
[17:35:45]   2022  116.6k  86.0k  80.6k  74.3k  78.0k  64.9k  59.0k  93.1k  64.5k  68.2k  69.6k  64.3k
[17:35:45]   2023   66.5k  61.2k  74.5k      1      .      .   1.5k   2.1k   1.2k   1.3k   1.3k   1.5k
[17:35:45]   2024    2.1k   3.5k   3.9k   2.8k   3.3k   2.8k   2.7k   2.9k   2.0k   2.1k   2.6k   2.3k
[17:35:45]   2025    2.4k   2.5k   2.5k   2.5k   2.1k   1.9k   2.4k   2.0k   1.8k   1.7k   1.4k   1.2k
[17:35:45]   2026       .      .     28     25     24    203   2.1k      .      .      .      .      .
[17:35:46] --- DATA COVERAGE: posts per month | source = stocktwits ---
[17:35:46]   year     Jan    Feb    Mar    Apr    May    Jun    Jul    Aug    Sep    Oct    Nov    Dec
[17:35:46]   2023       .      .      .      .      .      .      .      .      .      .      .      3
[17:35:46]   2024       .      .      .      .      .      .      .      4      .      1      2      1
[17:35:46]   2025       .      1      1      1      .      2      1      6      1      .      .      .
[17:35:46]   2026       .     11     13     40    106    383   3.5k      .      .      .      .      .
[17:35:47] --- DATA COVERAGE: posts per month | source = x ---
[17:35:47]   year     Jan    Feb    Mar    Apr    May    Jun    Jul    Aug    Sep    Oct    Nov    Dec
[17:35:47]   2015   25.3k  21.3k  21.0k  24.3k  15.1k  13.1k  26.3k  23.7k  16.8k  22.5k  14.0k  14.5k
[17:35:47]   2016   24.2k  18.8k  17.1k  26.2k  24.1k  18.4k  19.4k  14.4k  20.8k  21.2k  13.9k  12.9k
[17:35:47]   2017   17.0k  18.7k  15.0k  19.7k  21.8k  25.0k  23.6k  22.2k  19.2k  22.0k  22.5k  14.3k
[17:35:47]   2018   21.7k  22.6k  25.1k  31.5k  34.5k  35.2k  43.6k  69.8k  51.8k  58.0k  41.9k  39.8k
[17:35:47]   2019   51.6k  38.9k  53.7k  56.3k  50.9k  35.2k  39.4k  29.8k  32.5k  46.7k  37.7k  42.5k
[17:35:47]   2020       .      .      . 251.4k 112.6k 351.6k 208.0k      .      .      .      .      .
[17:35:47]   2021       .      .      .      .      .      .      .      .      .      .      .     71
[17:35:47]   2022    3.0k      .      .      .   4.5k  16.0k  16.2k  17.2k  10.1k  11.0k  11.0k   9.3k
[17:35:47]   2023   10.9k  16.5k  13.1k  12.7k  10.8k   3.5k   4.4k  10.7k    760   1.5k   6.1k   7.9k
[17:35:47]   2024       .   1.7k    620   7.3k   7.1k   9.2k  11.1k   6.9k   1.4k      .      .      .
[17:35:47]   2026       .      .      .      1      .      1   1.3k      .      .      .      .      .
[17:35:47] ('.' = NO data that month - a gap, not a quiet month)
[17:35:47] --- WINDOW CHECK: view 2022-01-08 -> 2023-02-28 | aggregates span 2017-01-01 -> 2026-07-14 ---
[17:35:47]   reddit     [OK] 102,430 mentions over 417 days (~100% of the window)
[17:35:47]   stocktwits [NO DATA in window] this source spans 2023-12-03 -> 2026-07-14
[17:35:47]   x          [OK] 36,765 mentions over 262 days (~63% of the window)
[17:35:47] backtest: aggregates + signals are up to date - only re-rendering the overlays for 2022-01-08 -> 2023-02-28
[17:35:47] snapshot -> c:\Users\alexd\Desktop\GIC\RetailFlow1\data\processed\signal_snapshots\2026-07-14_trade_signals.parquet
[17:35:47] snapshot -> c:\Users\alexd\Desktop\GIC\RetailFlow1\data\processed\signal_snapshots\2026-07-14_trade_signals_tickers.parquet
[17:35:47] pulling Bloomberg prices for the overlays (Terminal must be open)
[17:35:47] RUN  C:\Python312\python.exe pull_bloomberg_prices.py
[17:35:58] running notebook 11_overlay_ticker_mentions (output streams below)
[17:35:58] RUN  C:\Python312\python.exe -m nbconvert --to notebook --execute c:\Users\alexd\Desktop\GIC\RetailFlow1\notebooks\11_overlay_ticker_mentions.ipynb --output 11_overlay_ticker_mentions.tmp.ipynb --output-dir c:\Users\alexd\Desktop\GIC\RetailFlow1\notebooks --ExecutePreprocessor.timeout=1800
[17:36:08] ok   11_overlay_ticker_mentions
[17:36:08] running notebook 12_overlay_ticker_first_derivative (output streams below)
[17:36:08] RUN  C:\Python312\python.exe -m nbconvert --to notebook --execute c:\Users\alexd\Desktop\GIC\RetailFlow1\notebooks\12_overlay_ticker_first_derivative.ipynb --output 12_overlay_ticker_first_derivative.tmp.ipynb --output-dir c:\Users\alexd\Desktop\GIC\RetailFlow1\notebooks --ExecutePreprocessor.timeout=1800
[17:36:56] ok   12_overlay_ticker_first_derivative
[17:36:56] running notebook 13_overlay_theme_first_derivative (output streams below)
[17:36:56] RUN  C:\Python312\python.exe -m nbconvert --to notebook --execute c:\Users\alexd\Desktop\GIC\RetailFlow1\notebooks\13_overlay_theme_first_derivative.ipynb --output 13_overlay_theme_first_derivative.tmp.ipynb --output-dir c:\Users\alexd\Desktop\GIC\RetailFlow1\notebooks --ExecutePreprocessor.timeout=1800
[17:37:15] ok   13_overlay_theme_first_derivative
[17:37:15] running notebook 14_overlay_theme_conviction (output streams below)
[17:37:15] RUN  C:\Python312\python.exe -m nbconvert --to notebook --execute c:\Users\alexd\Desktop\GIC\RetailFlow1\notebooks\14_overlay_theme_conviction.ipynb --output 14_overlay_theme_conviction.tmp.ipynb --output-dir c:\Users\alexd\Desktop\GIC\RetailFlow1\notebooks --ExecutePreprocessor.timeout=1800
[17:37:24] ok   14_overlay_theme_conviction
[17:37:24] running notebook 15_overlay_trading_signals (output streams below)
[17:37:24] RUN  C:\Python312\python.exe -m nbconvert --to notebook --execute c:\Users\alexd\Desktop\GIC\RetailFlow1\notebooks\15_overlay_trading_signals.ipynb --output 15_overlay_trading_signals.tmp.ipynb --output-dir c:\Users\alexd\Desktop\GIC\RetailFlow1\notebooks --ExecutePreprocessor.timeout=1800
[17:37:34] ok   15_overlay_trading_signals
[17:37:34] running notebook 16_overlay_theme_trading_signals (output streams below)
[17:37:34] RUN  C:\Python312\python.exe -m nbconvert --to notebook --execute c:\Users\alexd\Desktop\GIC\RetailFlow1\notebooks\16_overlay_theme_trading_signals.ipynb --output 16_overlay_theme_trading_signals.tmp.ipynb --output-dir c:\Users\alexd\Desktop\GIC\RetailFlow1\notebooks --ExecutePreprocessor.timeout=1800
[17:37:46] ok   16_overlay_theme_trading_signals
[17:37:46] backtest view: nothing rebuilt, nothing published
[17:37:46] safety check: ABSTRACTED_DATA is text-free?
[17:37:46]   daily_ticker_counts.parquet               1.63 MB | ['date', 'ticker', 'mention_count']
[17:37:46]   daily_ticker_counts_by_source.parquet     1.81 MB | ['date', 'ticker', 'source', 'mention_count']
[17:37:46]   daily_ticker_sentiment.parquet            5.17 MB | ['date', 'ticker', 'n_posts', 'avg_sentiment', 'net_bullish']
[17:37:46]   daily_theme_counts.parquet                0.18 MB | ['date', 'theme', 'mention_count']
[17:37:46]   daily_theme_sentiment.parquet             1.14 MB | ['date', 'theme', 'n_posts', 'avg_sentiment', 'net_bullish']
[17:37:46]   daily_term_counts.parquet                 0.12 MB | ['date', 'term', 'mention_count']
[17:37:46] safety check: PASS - safe to commit
[17:37:46] 
[17:37:46] ============================================================
[17:37:46] RUN SUMMARY
[17:37:46]   window        : 2022-01-08 -> 2023-02-28
[17:37:46]   machine/path  : EXTERNAL | BACKTEST view (re-render overlays only)
[17:37:47]   post store    : 10,828,919 posts total
[17:37:48]     reddit     newest 2026-07-14
[17:37:48]     stocktwits newest 2026-07-14
[17:37:48]     x          newest 2026-07-14
[17:37:48]   aggregates    : 2017-01-01 -> 2026-07-14
[17:37:48]   theme signals : 1005 on file
[17:37:48]   ticker signals : 741 on file
[17:37:48]   price overlays: rendered (11-16)
[17:37:48]   safety check  : PASS
[17:37:48] ============================================================
[17:44:36] ============================================================
[17:44:36] UPDATE DATA
[17:44:36]   window : 2023-01-08 -> 2024-02-28
[17:44:36]   machine: EXTERNAL (raw store) (posts.parquet present)
[17:44:36]   path   : BACKTEST view (re-render overlays only)
[17:44:36]   fetch  : no (backtest or --skip-fetch)
[17:44:36] ============================================================
[17:44:39] fetch skipped
[17:44:39] merging live raw -> posts.parquet (close Jupyter first)
[17:44:39] RUN  C:\Python312\python.exe data_ingestion/scripts/merge_live.py
[17:45:14] --- DATA COVERAGE: posts per month | source = reddit ---
[17:45:14]   year     Jan    Feb    Mar    Apr    May    Jun    Jul    Aug    Sep    Oct    Nov    Dec
[17:45:14]   2008       .      .     31     15      1      8     18     25     35     55     66     61
[17:45:14]   2009      47     87     92     93     74     86    170    157    196     98     87    113
[17:45:14]   2010     107    103    135    241    290    180    204    203    261    236    254    306
[17:45:14]   2011     575    559    569    700   1.4k   2.8k   1.7k   1.8k   1.5k   1.7k   1.9k   2.1k
[17:45:14]   2012    3.0k   2.9k   3.1k   2.9k   3.3k   3.0k   3.3k   3.5k   3.0k   3.3k   3.3k   3.4k
[17:45:14]   2013    5.3k   5.8k  10.0k  19.3k  10.9k   7.8k   8.3k   8.7k   7.6k  12.0k  25.2k  24.9k
[17:45:14]   2014   21.9k  26.8k  26.2k  19.3k  19.4k  19.3k  20.6k  18.9k  19.4k  20.2k  20.3k  21.6k
[17:45:14]   2015   26.6k  22.3k  23.2k  22.0k  21.1k  21.8k  24.8k  23.9k  19.6k  21.1k  20.7k  20.9k
[17:45:14]   2016   27.1k  23.2k  23.5k  23.8k  23.4k  27.3k  25.5k  26.0k  23.9k  23.0k  24.7k  25.8k
[17:45:14]   2017   35.2k  32.0k  37.6k  31.2k  39.9k  42.1k  44.6k  54.4k  52.4k  59.3k  84.6k 117.0k
[17:45:14]   2018  116.0k  78.8k  67.7k  59.0k  59.4k  59.4k  60.3k  62.0k  55.9k  57.7k  49.6k  48.7k
[17:45:14]   2019   50.4k  41.4k  42.8k  44.5k  45.4k  47.0k  48.4k  48.9k  40.7k  41.3k  39.7k  37.0k
[17:45:14]   2020   49.3k  68.8k 107.2k  84.5k  84.0k  95.7k  84.2k  81.4k  70.5k  68.6k  82.9k 100.3k
[17:45:14]   2021  666.1k 586.1k 246.6k 174.4k 190.7k 196.6k 127.3k 142.7k 121.7k 127.4k 139.8k 113.6k
[17:45:14]   2022  116.6k  86.0k  80.6k  74.3k  78.0k  64.9k  59.0k  93.1k  64.5k  68.2k  69.6k  64.3k
[17:45:14]   2023   66.5k  61.2k  74.5k      1      .      .   1.5k   2.1k   1.2k   1.3k   1.3k   1.5k
[17:45:14]   2024    2.1k   3.5k   3.9k   2.8k   3.3k   2.8k   2.7k   2.9k   2.0k   2.1k   2.6k   2.3k
[17:45:14]   2025    2.4k   2.5k   2.5k   2.5k   2.1k   1.9k   2.4k   2.0k   1.8k   1.7k   1.4k   1.2k
[17:45:14]   2026       .      .     28     25     24    203   2.1k      .      .      .      .      .
[17:45:14] --- DATA COVERAGE: posts per month | source = stocktwits ---
[17:45:14]   year     Jan    Feb    Mar    Apr    May    Jun    Jul    Aug    Sep    Oct    Nov    Dec
[17:45:14]   2023       .      .      .      .      .      .      .      .      .      .      .      3
[17:45:14]   2024       .      .      .      .      .      .      .      4      .      1      2      1
[17:45:14]   2025       .      1      1      1      .      2      1      6      1      .      .      .
[17:45:14]   2026       .     11     13     40    106    383   3.5k      .      .      .      .      .
[17:45:15] --- DATA COVERAGE: posts per month | source = x ---
[17:45:15]   year     Jan    Feb    Mar    Apr    May    Jun    Jul    Aug    Sep    Oct    Nov    Dec
[17:45:15]   2015   25.3k  21.3k  21.0k  24.3k  15.1k  13.1k  26.3k  23.7k  16.8k  22.5k  14.0k  14.5k
[17:45:15]   2016   24.2k  18.8k  17.1k  26.2k  24.1k  18.4k  19.4k  14.4k  20.8k  21.2k  13.9k  12.9k
[17:45:15]   2017   17.0k  18.7k  15.0k  19.7k  21.8k  25.0k  23.6k  22.2k  19.2k  22.0k  22.5k  14.3k
[17:45:15]   2018   21.7k  22.6k  25.1k  31.5k  34.5k  35.2k  43.6k  69.8k  51.8k  58.0k  41.9k  39.8k
[17:45:15]   2019   51.6k  38.9k  53.7k  56.3k  50.9k  35.2k  39.4k  29.8k  32.5k  46.7k  37.7k  42.5k
[17:45:15]   2020       .      .      . 251.4k 112.6k 351.6k 208.0k      .      .      .      .      .
[17:45:15]   2021       .      .      .      .      .      .      .      .      .      .      .     71
[17:45:15]   2022    3.0k      .      .      .   4.5k  16.0k  16.2k  17.2k  10.1k  11.0k  11.0k   9.3k
[17:45:15]   2023   10.9k  16.5k  13.1k  12.7k  10.8k   3.5k   4.4k  10.7k    760   1.5k   6.1k   7.9k
[17:45:15]   2024       .   1.7k    620   7.3k   7.1k   9.2k  11.1k   6.9k   1.4k      .      .      .
[17:45:15]   2026       .      .      .      1      .      1   1.3k      .      .      .      .      .
[17:45:15] ('.' = NO data that month - a gap, not a quiet month)
[17:45:16] --- WINDOW CHECK: view 2023-01-08 -> 2024-02-28 | aggregates span 2017-01-01 -> 2026-07-14 ---
[17:45:16]   reddit     [OK] 21,776 mentions over 316 days (~76% of the window)
[17:45:16]   stocktwits [OK] 11 mentions over 3 days (~1% of the window)
[17:45:16]   x          [OK] 32,154 mentions over 217 days (~52% of the window)
[17:45:16] backtest: aggregates + signals are up to date - only re-rendering the overlays for 2023-01-08 -> 2024-02-28
[17:45:16] snapshot -> c:\Users\alexd\Desktop\GIC\RetailFlow1\data\processed\signal_snapshots\2026-07-14_trade_signals.parquet
[17:45:16] snapshot -> c:\Users\alexd\Desktop\GIC\RetailFlow1\data\processed\signal_snapshots\2026-07-14_trade_signals_tickers.parquet
[17:45:16] pulling Bloomberg prices for the overlays (Terminal must be open)
[17:45:16] RUN  C:\Python312\python.exe pull_bloomberg_prices.py
[17:45:27] running notebook 11_overlay_ticker_mentions (output streams below)
[17:45:27] RUN  C:\Python312\python.exe -m nbconvert --to notebook --execute c:\Users\alexd\Desktop\GIC\RetailFlow1\notebooks\11_overlay_ticker_mentions.ipynb --output 11_overlay_ticker_mentions.tmp.ipynb --output-dir c:\Users\alexd\Desktop\GIC\RetailFlow1\notebooks --ExecutePreprocessor.timeout=1800
[17:45:37] ok   11_overlay_ticker_mentions
[17:45:37] running notebook 12_overlay_ticker_first_derivative (output streams below)
[17:45:37] RUN  C:\Python312\python.exe -m nbconvert --to notebook --execute c:\Users\alexd\Desktop\GIC\RetailFlow1\notebooks\12_overlay_ticker_first_derivative.ipynb --output 12_overlay_ticker_first_derivative.tmp.ipynb --output-dir c:\Users\alexd\Desktop\GIC\RetailFlow1\notebooks --ExecutePreprocessor.timeout=1800
[17:45:50] ok   12_overlay_ticker_first_derivative
[17:45:50] running notebook 13_overlay_theme_first_derivative (output streams below)
[17:45:50] RUN  C:\Python312\python.exe -m nbconvert --to notebook --execute c:\Users\alexd\Desktop\GIC\RetailFlow1\notebooks\13_overlay_theme_first_derivative.ipynb --output 13_overlay_theme_first_derivative.tmp.ipynb --output-dir c:\Users\alexd\Desktop\GIC\RetailFlow1\notebooks --ExecutePreprocessor.timeout=1800
[17:46:01] ok   13_overlay_theme_first_derivative
[17:46:01] running notebook 14_overlay_theme_conviction (output streams below)
[17:46:01] RUN  C:\Python312\python.exe -m nbconvert --to notebook --execute c:\Users\alexd\Desktop\GIC\RetailFlow1\notebooks\14_overlay_theme_conviction.ipynb --output 14_overlay_theme_conviction.tmp.ipynb --output-dir c:\Users\alexd\Desktop\GIC\RetailFlow1\notebooks --ExecutePreprocessor.timeout=1800
[17:46:12] ok   14_overlay_theme_conviction
[17:46:12] running notebook 15_overlay_trading_signals (output streams below)
[17:46:12] RUN  C:\Python312\python.exe -m nbconvert --to notebook --execute c:\Users\alexd\Desktop\GIC\RetailFlow1\notebooks\15_overlay_trading_signals.ipynb --output 15_overlay_trading_signals.tmp.ipynb --output-dir c:\Users\alexd\Desktop\GIC\RetailFlow1\notebooks --ExecutePreprocessor.timeout=1800
[17:46:23] ok   15_overlay_trading_signals
[17:46:23] running notebook 16_overlay_theme_trading_signals (output streams below)
[17:46:23] RUN  C:\Python312\python.exe -m nbconvert --to notebook --execute c:\Users\alexd\Desktop\GIC\RetailFlow1\notebooks\16_overlay_theme_trading_signals.ipynb --output 16_overlay_theme_trading_signals.tmp.ipynb --output-dir c:\Users\alexd\Desktop\GIC\RetailFlow1\notebooks --ExecutePreprocessor.timeout=1800
[17:46:34] ok   16_overlay_theme_trading_signals
[17:46:34] backtest view: nothing rebuilt, nothing published
[17:46:34] safety check: ABSTRACTED_DATA is text-free?
[17:46:34]   daily_ticker_counts.parquet               1.63 MB | ['date', 'ticker', 'mention_count']
[17:46:34]   daily_ticker_counts_by_source.parquet     1.81 MB | ['date', 'ticker', 'source', 'mention_count']
[17:46:34]   daily_ticker_sentiment.parquet            5.17 MB | ['date', 'ticker', 'n_posts', 'avg_sentiment', 'net_bullish']
[17:46:34]   daily_theme_counts.parquet                0.18 MB | ['date', 'theme', 'mention_count']
[17:46:34]   daily_theme_sentiment.parquet             1.14 MB | ['date', 'theme', 'n_posts', 'avg_sentiment', 'net_bullish']
[17:46:34]   daily_term_counts.parquet                 0.12 MB | ['date', 'term', 'mention_count']
[17:46:34] safety check: PASS - safe to commit
[17:46:34] 
[17:46:34] ============================================================
[17:46:34] RUN SUMMARY
[17:46:34]   window        : 2023-01-08 -> 2024-02-28
[17:46:34]   machine/path  : EXTERNAL | BACKTEST view (re-render overlays only)
[17:46:35]   post store    : 10,828,919 posts total
[17:46:36]     reddit     newest 2026-07-14
[17:46:36]     stocktwits newest 2026-07-14
[17:46:36]     x          newest 2026-07-14
[17:46:36]   aggregates    : 2017-01-01 -> 2026-07-14
[17:46:36]   theme signals : 1005 on file
[17:46:36]   ticker signals : 741 on file
[17:46:36]   price overlays: rendered (11-16)
[17:46:36]   safety check  : PASS
[17:46:36] ============================================================
[17:51:21] ============================================================
[17:51:21] UPDATE DATA
[17:51:21]   window : 2018-01-08 -> 2019-02-28
[17:51:21]   machine: EXTERNAL (raw store) (posts.parquet present)
[17:51:21]   path   : BACKTEST view (re-render overlays only)
[17:51:21]   fetch  : no (backtest or --skip-fetch)
[17:51:21] ============================================================
[17:51:25] fetch skipped
[17:51:25] merging live raw -> posts.parquet (close Jupyter first)
[17:51:25] RUN  C:\Python312\python.exe data_ingestion/scripts/merge_live.py
[17:52:01] --- DATA COVERAGE: posts per month | source = reddit ---
[17:52:01]   year     Jan    Feb    Mar    Apr    May    Jun    Jul    Aug    Sep    Oct    Nov    Dec
[17:52:01]   2008       .      .     31     15      1      8     18     25     35     55     66     61
[17:52:01]   2009      47     87     92     93     74     86    170    157    196     98     87    113
[17:52:01]   2010     107    103    135    241    290    180    204    203    261    236    254    306
[17:52:01]   2011     575    559    569    700   1.4k   2.8k   1.7k   1.8k   1.5k   1.7k   1.9k   2.1k
[17:52:01]   2012    3.0k   2.9k   3.1k   2.9k   3.3k   3.0k   3.3k   3.5k   3.0k   3.3k   3.3k   3.4k
[17:52:01]   2013    5.3k   5.8k  10.0k  19.3k  10.9k   7.8k   8.3k   8.7k   7.6k  12.0k  25.2k  24.9k
[17:52:01]   2014   21.9k  26.8k  26.2k  19.3k  19.4k  19.3k  20.6k  18.9k  19.4k  20.2k  20.3k  21.6k
[17:52:01]   2015   26.6k  22.3k  23.2k  22.0k  21.1k  21.8k  24.8k  23.9k  19.6k  21.1k  20.7k  20.9k
[17:52:01]   2016   27.1k  23.2k  23.5k  23.8k  23.4k  27.3k  25.5k  26.0k  23.9k  23.0k  24.7k  25.8k
[17:52:01]   2017   35.2k  32.0k  37.6k  31.2k  39.9k  42.1k  44.6k  54.4k  52.4k  59.3k  84.6k 117.0k
[17:52:01]   2018  116.0k  78.8k  67.7k  59.0k  59.4k  59.4k  60.3k  62.0k  55.9k  57.7k  49.6k  48.7k
[17:52:01]   2019   50.4k  41.4k  42.8k  44.5k  45.4k  47.0k  48.4k  48.9k  40.7k  41.3k  39.7k  37.0k
[17:52:01]   2020   49.3k  68.8k 107.2k  84.5k  84.0k  95.7k  84.2k  81.4k  70.5k  68.6k  82.9k 100.3k
[17:52:01]   2021  666.1k 586.1k 246.6k 174.4k 190.7k 196.6k 127.3k 142.7k 121.7k 127.4k 139.8k 113.6k
[17:52:01]   2022  116.6k  86.0k  80.6k  74.3k  78.0k  64.9k  59.0k  93.1k  64.5k  68.2k  69.6k  64.3k
[17:52:01]   2023   66.5k  61.2k  74.5k      1      .      .   1.5k   2.1k   1.2k   1.3k   1.3k   1.5k
[17:52:01]   2024    2.1k   3.5k   3.9k   2.8k   3.3k   2.8k   2.7k   2.9k   2.0k   2.1k   2.6k   2.3k
[17:52:01]   2025    2.4k   2.5k   2.5k   2.5k   2.1k   1.9k   2.4k   2.0k   1.8k   1.7k   1.4k   1.2k
[17:52:01]   2026       .      .     28     25     24    203   2.1k      .      .      .      .      .
[17:52:01] --- DATA COVERAGE: posts per month | source = stocktwits ---
[17:52:01]   year     Jan    Feb    Mar    Apr    May    Jun    Jul    Aug    Sep    Oct    Nov    Dec
[17:52:01]   2023       .      .      .      .      .      .      .      .      .      .      .      3
[17:52:01]   2024       .      .      .      .      .      .      .      4      .      1      2      1
[17:52:01]   2025       .      1      1      1      .      2      1      6      1      .      .      .
[17:52:01]   2026       .     11     13     40    106    383   3.5k      .      .      .      .      .
[17:52:02] --- DATA COVERAGE: posts per month | source = x ---
[17:52:02]   year     Jan    Feb    Mar    Apr    May    Jun    Jul    Aug    Sep    Oct    Nov    Dec
[17:52:02]   2015   25.3k  21.3k  21.0k  24.3k  15.1k  13.1k  26.3k  23.7k  16.8k  22.5k  14.0k  14.5k
[17:52:02]   2016   24.2k  18.8k  17.1k  26.2k  24.1k  18.4k  19.4k  14.4k  20.8k  21.2k  13.9k  12.9k
[17:52:02]   2017   17.0k  18.7k  15.0k  19.7k  21.8k  25.0k  23.6k  22.2k  19.2k  22.0k  22.5k  14.3k
[17:52:02]   2018   21.7k  22.6k  25.1k  31.5k  34.5k  35.2k  43.6k  69.8k  51.8k  58.0k  41.9k  39.8k
[17:52:02]   2019   51.6k  38.9k  53.7k  56.3k  50.9k  35.2k  39.4k  29.8k  32.5k  46.7k  37.7k  42.5k
[17:52:02]   2020       .      .      . 251.4k 112.6k 351.6k 208.0k      .      .      .      .      .
[17:52:02]   2021       .      .      .      .      .      .      .      .      .      .      .     71
[17:52:02]   2022    3.0k      .      .      .   4.5k  16.0k  16.2k  17.2k  10.1k  11.0k  11.0k   9.3k
[17:52:02]   2023   10.9k  16.5k  13.1k  12.7k  10.8k   3.5k   4.4k  10.7k    760   1.5k   6.1k   7.9k
[17:52:02]   2024       .   1.7k    620   7.3k   7.1k   9.2k  11.1k   6.9k   1.4k      .      .      .
[17:52:02]   2026       .      .      .      1      .      1   1.3k      .      .      .      .      .
[17:52:02] ('.' = NO data that month - a gap, not a quiet month)
[17:52:02] --- WINDOW CHECK: view 2018-01-08 -> 2019-02-28 | aggregates span 2017-01-01 -> 2026-07-14 ---
[17:52:02]   reddit     [OK] 59,519 mentions over 417 days (~100% of the window)
[17:52:03]   stocktwits [NO DATA in window] this source spans 2023-12-03 -> 2026-07-14
[17:52:03]   x          [OK] 1,215,215 mentions over 417 days (~100% of the window)
[17:52:03] backtest: aggregates + signals are up to date - only re-rendering the overlays for 2018-01-08 -> 2019-02-28
[17:52:03] snapshot -> c:\Users\alexd\Desktop\GIC\RetailFlow1\data\processed\signal_snapshots\2026-07-14_trade_signals.parquet
[17:52:03] snapshot -> c:\Users\alexd\Desktop\GIC\RetailFlow1\data\processed\signal_snapshots\2026-07-14_trade_signals_tickers.parquet
[17:52:03] pulling Bloomberg prices for the overlays (Terminal must be open)
[17:52:03] RUN  C:\Python312\python.exe pull_bloomberg_prices.py
[17:52:13] running notebook 11_overlay_ticker_mentions (output streams below)
[17:52:13] RUN  C:\Python312\python.exe -m nbconvert --to notebook --execute c:\Users\alexd\Desktop\GIC\RetailFlow1\notebooks\11_overlay_ticker_mentions.ipynb --output 11_overlay_ticker_mentions.tmp.ipynb --output-dir c:\Users\alexd\Desktop\GIC\RetailFlow1\notebooks --ExecutePreprocessor.timeout=1800
[17:52:23] ok   11_overlay_ticker_mentions
[17:52:23] running notebook 12_overlay_ticker_first_derivative (output streams below)
[17:52:23] RUN  C:\Python312\python.exe -m nbconvert --to notebook --execute c:\Users\alexd\Desktop\GIC\RetailFlow1\notebooks\12_overlay_ticker_first_derivative.ipynb --output 12_overlay_ticker_first_derivative.tmp.ipynb --output-dir c:\Users\alexd\Desktop\GIC\RetailFlow1\notebooks --ExecutePreprocessor.timeout=1800
[17:52:43] ok   12_overlay_ticker_first_derivative
[17:52:43] running notebook 13_overlay_theme_first_derivative (output streams below)
[17:52:43] RUN  C:\Python312\python.exe -m nbconvert --to notebook --execute c:\Users\alexd\Desktop\GIC\RetailFlow1\notebooks\13_overlay_theme_first_derivative.ipynb --output 13_overlay_theme_first_derivative.tmp.ipynb --output-dir c:\Users\alexd\Desktop\GIC\RetailFlow1\notebooks --ExecutePreprocessor.timeout=1800
[17:52:54] ok   13_overlay_theme_first_derivative
[17:52:54] running notebook 14_overlay_theme_conviction (output streams below)
[17:52:54] RUN  C:\Python312\python.exe -m nbconvert --to notebook --execute c:\Users\alexd\Desktop\GIC\RetailFlow1\notebooks\14_overlay_theme_conviction.ipynb --output 14_overlay_theme_conviction.tmp.ipynb --output-dir c:\Users\alexd\Desktop\GIC\RetailFlow1\notebooks --ExecutePreprocessor.timeout=1800
[17:53:05] ok   14_overlay_theme_conviction
[17:53:05] running notebook 15_overlay_trading_signals (output streams below)
[17:53:05] RUN  C:\Python312\python.exe -m nbconvert --to notebook --execute c:\Users\alexd\Desktop\GIC\RetailFlow1\notebooks\15_overlay_trading_signals.ipynb --output 15_overlay_trading_signals.tmp.ipynb --output-dir c:\Users\alexd\Desktop\GIC\RetailFlow1\notebooks --ExecutePreprocessor.timeout=1800
[17:53:16] ok   15_overlay_trading_signals
[17:53:16] running notebook 16_overlay_theme_trading_signals (output streams below)
[17:53:16] RUN  C:\Python312\python.exe -m nbconvert --to notebook --execute c:\Users\alexd\Desktop\GIC\RetailFlow1\notebooks\16_overlay_theme_trading_signals.ipynb --output 16_overlay_theme_trading_signals.tmp.ipynb --output-dir c:\Users\alexd\Desktop\GIC\RetailFlow1\notebooks --ExecutePreprocessor.timeout=1800
[17:53:26] ok   16_overlay_theme_trading_signals
[17:53:26] backtest view: nothing rebuilt, nothing published
[17:53:26] safety check: ABSTRACTED_DATA is text-free?
[17:53:26]   daily_ticker_counts.parquet               1.63 MB | ['date', 'ticker', 'mention_count']
[17:53:26]   daily_ticker_counts_by_source.parquet     1.81 MB | ['date', 'ticker', 'source', 'mention_count']
[17:53:26]   daily_ticker_sentiment.parquet            5.17 MB | ['date', 'ticker', 'n_posts', 'avg_sentiment', 'net_bullish']
[17:53:26]   daily_theme_counts.parquet                0.18 MB | ['date', 'theme', 'mention_count']
[17:53:26]   daily_theme_sentiment.parquet             1.14 MB | ['date', 'theme', 'n_posts', 'avg_sentiment', 'net_bullish']
[17:53:26]   daily_term_counts.parquet                 0.12 MB | ['date', 'term', 'mention_count']
[17:53:26] safety check: PASS - safe to commit
[17:53:26] 
[17:53:26] ============================================================
[17:53:26] RUN SUMMARY
[17:53:26]   window        : 2018-01-08 -> 2019-02-28
[17:53:26]   machine/path  : EXTERNAL | BACKTEST view (re-render overlays only)
[17:53:27]   post store    : 10,828,919 posts total
[17:53:29]     reddit     newest 2026-07-14
[17:53:29]     stocktwits newest 2026-07-14
[17:53:29]     x          newest 2026-07-14
[17:53:29]   aggregates    : 2017-01-01 -> 2026-07-14
[17:53:29]   theme signals : 1005 on file
[17:53:29]   ticker signals : 741 on file
[17:53:29]   price overlays: rendered (11-16)
[17:53:29]   safety check  : PASS
[17:53:29] ============================================================
